<?xml version="1.0" encoding="UTF-8"?>
<testsuites name="Scenarios" time="107.982" tests="6" failures="0" errors="0">
   <testsuite name="Scenarios" tests="6" failures="0" errors="0" time="107.982" skipped="0" timestamp="2022-04-15 00:05:11" hostname="User - LAPTOP-VADP8VTF.realtek" id="Test Suites/DEMOBLAZE/Scenarios">
      <properties>
         <property name="deviceName" value=""/>
         <property name="devicePlatform" value=""/>
         <property name="logFolder" value="C:\\Users\\User\\Katalon Studio\\PROJECT WEB DEMOBLAZE\\Reports\\20220415_000456\\DEMOBLAZE\\Scenarios\\20220415_000456"/>
         <property name="logFiles" value="C:\\Users\\User\\Katalon Studio\\PROJECT WEB DEMOBLAZE\\Reports\\20220415_000456\\DEMOBLAZE\\Scenarios\\20220415_000456\\execution0.log"/>
         <property name="attachments" value=""/>
         <property name="hostName" value="User - LAPTOP-VADP8VTF.realtek"/>
         <property name="os" value="Windows 10 64bit"/>
         <property name="katalonVersion" value="8.2.5.208"/>
         <property name="browser" value="Chrome 100.0.4896.88"/>
         <property name="hostAddress" value="192.168.0.7"/>
         <property name="sessionId" value="343acc08caeda2f96c71411dc8cc3504"/>
         <property name="seleniumVersion" value="3.141.59"/>
         <property name="proxyInformation" value="ProxyInformation { proxyOption=NO_PROXY, proxyServerType=HTTP, username=, password=********, proxyServerAddress=, proxyServerPort=0, executionList=&quot;&quot;, isApplyToDesiredCapabilities=true }"/>
         <property name="platform" value="Windows 10"/>
      </properties>
      <testcase name="Test Cases/Sign Up" time="16.397" classname="Test Cases/Sign Up" status="PASSED">
         <system-out><![CDATA[2022-04-15 00:05:11 - [TEST_CASE][PASSED] - Test Cases/Sign Up: Test Cases/Sign Up

2022-04-15 00:05:12 - [TEST_STEP][PASSED] - openBrowser(""): Browser is opened with url: ''

2022-04-15 00:05:13 - [MESSAGE][INFO] - Starting 'Chrome' driver

2022-04-15 00:05:13 - [MESSAGE][INFO] - Action delay is set to 0 milliseconds

2022-04-15 00:05:20 - [MESSAGE][PASSED] - Browser is opened with url: ''

2022-04-15 00:05:20 - [TEST_STEP][PASSED] - navigateToUrl("https://www.demoblaze.com/"): Navigate to 'https://www.demoblaze.com/' successfully

2022-04-15 00:05:21 - [MESSAGE][PASSED] - Navigate to 'https://www.demoblaze.com/' successfully

2022-04-15 00:05:21 - [TEST_STEP][PASSED] - click(findTestObject("Object Repository/DEMOBLAZE/Sign Up/Page_STORE/a_Sign up")): Object: 'Object Repository/DEMOBLAZE/Sign Up/Page_STORE/a_Sign up' is clicked on

2022-04-15 00:05:24 - [MESSAGE][PASSED] - Object: 'Object Repository/DEMOBLAZE/Sign Up/Page_STORE/a_Sign up' is clicked on

2022-04-15 00:05:24 - [TEST_STEP][PASSED] - setText(findTestObject("Object Repository/DEMOBLAZE/Sign Up/Page_STORE/input_Username_sign-username"), "Ali12345"): Text 'Ali12345' is set on object 'Object Repository/DEMOBLAZE/Sign Up/Page_STORE/input_Username_sign-username'

2022-04-15 00:05:25 - [MESSAGE][PASSED] - Text 'Ali12345' is set on object 'Object Repository/DEMOBLAZE/Sign Up/Page_STORE/input_Username_sign-username'

2022-04-15 00:05:25 - [TEST_STEP][PASSED] - setEncryptedText(findTestObject("Object Repository/DEMOBLAZE/Sign Up/Page_STORE/input_Password_sign-password"), "T2f+EhbY9lxWCo62oSDqfg=="): Text ****** has been set on object 'Object Repository/DEMOBLAZE/Sign Up/Page_STORE/input_Password_sign-password'

2022-04-15 00:05:26 - [MESSAGE][PASSED] - Text ****** has been set on object 'Object Repository/DEMOBLAZE/Sign Up/Page_STORE/input_Password_sign-password'

2022-04-15 00:05:26 - [TEST_STEP][PASSED] - click(findTestObject("Object Repository/DEMOBLAZE/Sign Up/Page_STORE/button_Sign up")): Object: 'Object Repository/DEMOBLAZE/Sign Up/Page_STORE/button_Sign up' is clicked on

2022-04-15 00:05:26 - [MESSAGE][PASSED] - Object: 'Object Repository/DEMOBLAZE/Sign Up/Page_STORE/button_Sign up' is clicked on

2022-04-15 00:05:26 - [TEST_STEP][PASSED] - closeBrowser(): Browser is closed

2022-04-15 00:05:28 - [MESSAGE][PASSED] - Browser is closed]]></system-out>
         <system-err><![CDATA[]]></system-err>
      </testcase>
      <testcase name="Test Cases/Login" time="9.56" classname="Test Cases/Login" status="PASSED">
         <system-out><![CDATA[2022-04-15 00:05:28 - [TEST_CASE][PASSED] - Test Cases/Login: Test Cases/Login

2022-04-15 00:05:28 - [TEST_STEP][PASSED] - openBrowser(""): Browser is opened with url: ''

2022-04-15 00:05:28 - [MESSAGE][INFO] - Starting 'Chrome' driver

2022-04-15 00:05:28 - [MESSAGE][INFO] - Action delay is set to 0 milliseconds

2022-04-15 00:05:32 - [MESSAGE][PASSED] - Browser is opened with url: ''

2022-04-15 00:05:32 - [TEST_STEP][PASSED] - navigateToUrl("https://www.demoblaze.com/"): Navigate to 'https://www.demoblaze.com/' successfully

2022-04-15 00:05:33 - [MESSAGE][PASSED] - Navigate to 'https://www.demoblaze.com/' successfully

2022-04-15 00:05:33 - [TEST_STEP][PASSED] - click(findTestObject("Object Repository/DEMOBLAZE/Login/Page_STORE/a_Log in")): Object: 'Object Repository/DEMOBLAZE/Login/Page_STORE/a_Log in' is clicked on

2022-04-15 00:05:35 - [MESSAGE][PASSED] - Object: 'Object Repository/DEMOBLAZE/Login/Page_STORE/a_Log in' is clicked on

2022-04-15 00:05:35 - [TEST_STEP][PASSED] - setText(findTestObject("Object Repository/DEMOBLAZE/Login/Page_STORE/input_Username_loginusername"), "Ali12345"): Text 'Ali12345' is set on object 'Object Repository/DEMOBLAZE/Login/Page_STORE/input_Username_loginusername'

2022-04-15 00:05:36 - [MESSAGE][PASSED] - Text 'Ali12345' is set on object 'Object Repository/DEMOBLAZE/Login/Page_STORE/input_Username_loginusername'

2022-04-15 00:05:36 - [TEST_STEP][PASSED] - setEncryptedText(findTestObject("Object Repository/DEMOBLAZE/Login/Page_STORE/input_Password_loginpassword"), "T2f+EhbY9lxWCo62oSDqfg=="): Text ****** has been set on object 'Object Repository/DEMOBLAZE/Login/Page_STORE/input_Password_loginpassword'

2022-04-15 00:05:37 - [MESSAGE][PASSED] - Text ****** has been set on object 'Object Repository/DEMOBLAZE/Login/Page_STORE/input_Password_loginpassword'

2022-04-15 00:05:37 - [TEST_STEP][PASSED] - click(findTestObject("Object Repository/DEMOBLAZE/Login/Page_STORE/button_Log in")): Object: 'Object Repository/DEMOBLAZE/Login/Page_STORE/button_Log in' is clicked on

2022-04-15 00:05:37 - [MESSAGE][PASSED] - Object: 'Object Repository/DEMOBLAZE/Login/Page_STORE/button_Log in' is clicked on]]></system-out>
         <system-err><![CDATA[]]></system-err>
      </testcase>
      <testcase name="Test Cases/Add To Cart" time="12.92" classname="Test Cases/Add To Cart" status="PASSED">
         <system-out><![CDATA[2022-04-15 00:05:37 - [TEST_CASE][PASSED] - Test Cases/Add To Cart: Test Cases/Add To Cart

2022-04-15 00:05:39 - [TEST_STEP][PASSED] - openBrowser(""): Browser is opened with url: ''

2022-04-15 00:05:39 - [MESSAGE][WARNING] - A browser is already opened. Closing browser and opening a new one

2022-04-15 00:05:42 - [MESSAGE][INFO] - Starting 'Chrome' driver

2022-04-15 00:05:42 - [MESSAGE][INFO] - Action delay is set to 0 milliseconds

2022-04-15 00:05:45 - [MESSAGE][PASSED] - Browser is opened with url: ''

2022-04-15 00:05:45 - [TEST_STEP][PASSED] - navigateToUrl("https://www.demoblaze.com/"): Navigate to 'https://www.demoblaze.com/' successfully

2022-04-15 00:05:46 - [MESSAGE][PASSED] - Navigate to 'https://www.demoblaze.com/' successfully

2022-04-15 00:05:46 - [TEST_STEP][PASSED] - click(findTestObject("Object Repository/DEMOBLAZE/Add To Cart/Page_STORE/a_Samsung galaxy s6")): Object: 'Object Repository/DEMOBLAZE/Add To Cart/Page_STORE/a_Samsung galaxy s6' is clicked on

2022-04-15 00:05:48 - [MESSAGE][PASSED] - Object: 'Object Repository/DEMOBLAZE/Add To Cart/Page_STORE/a_Samsung galaxy s6' is clicked on

2022-04-15 00:05:48 - [TEST_STEP][PASSED] - click(findTestObject("Object Repository/DEMOBLAZE/Add To Cart/Page_STORE/a_Add to cart")): Object: 'Object Repository/DEMOBLAZE/Add To Cart/Page_STORE/a_Add to cart' is clicked on

2022-04-15 00:05:49 - [MESSAGE][PASSED] - Object: 'Object Repository/DEMOBLAZE/Add To Cart/Page_STORE/a_Add to cart' is clicked on

2022-04-15 00:05:49 - [TEST_STEP][PASSED] - closeBrowser(): Browser is closed

2022-04-15 00:05:50 - [MESSAGE][PASSED] - Browser is closed]]></system-out>
         <system-err><![CDATA[]]></system-err>
      </testcase>
      <testcase name="Test Cases/Place Order" time="30.13" classname="Test Cases/Place Order" status="PASSED">
         <system-out><![CDATA[2022-04-15 00:05:50 - [TEST_CASE][PASSED] - Test Cases/Place Order: Test Cases/Place Order

2022-04-15 00:05:51 - [TEST_STEP][PASSED] - openBrowser(""): Browser is opened with url: ''

2022-04-15 00:05:51 - [MESSAGE][INFO] - Starting 'Chrome' driver

2022-04-15 00:05:51 - [MESSAGE][INFO] - Action delay is set to 0 milliseconds

2022-04-15 00:05:54 - [MESSAGE][PASSED] - Browser is opened with url: ''

2022-04-15 00:05:54 - [TEST_STEP][PASSED] - navigateToUrl("https://www.demoblaze.com/"): Navigate to 'https://www.demoblaze.com/' successfully

2022-04-15 00:05:55 - [MESSAGE][PASSED] - Navigate to 'https://www.demoblaze.com/' successfully

2022-04-15 00:05:55 - [TEST_STEP][PASSED] - click(findTestObject("Object Repository/DEMOBLAZE/Place Order/Page_STORE/a_Log in")): Object: 'Object Repository/DEMOBLAZE/Place Order/Page_STORE/a_Log in' is clicked on

2022-04-15 00:05:56 - [MESSAGE][PASSED] - Object: 'Object Repository/DEMOBLAZE/Place Order/Page_STORE/a_Log in' is clicked on

2022-04-15 00:05:56 - [TEST_STEP][PASSED] - setText(findTestObject("Object Repository/DEMOBLAZE/Place Order/Page_STORE/input_Username_loginusername"), "Ali12345"): Text 'Ali12345' is set on object 'Object Repository/DEMOBLAZE/Place Order/Page_STORE/input_Username_loginusername'

2022-04-15 00:05:58 - [MESSAGE][PASSED] - Text 'Ali12345' is set on object 'Object Repository/DEMOBLAZE/Place Order/Page_STORE/input_Username_loginusername'

2022-04-15 00:05:58 - [TEST_STEP][PASSED] - setEncryptedText(findTestObject("Object Repository/DEMOBLAZE/Place Order/Page_STORE/input_Password_loginpassword"), "T2f+EhbY9lxWCo62oSDqfg=="): Text ****** has been set on object 'Object Repository/DEMOBLAZE/Place Order/Page_STORE/input_Password_loginpassword'

2022-04-15 00:05:58 - [MESSAGE][PASSED] - Text ****** has been set on object 'Object Repository/DEMOBLAZE/Place Order/Page_STORE/input_Password_loginpassword'

2022-04-15 00:05:58 - [TEST_STEP][PASSED] - click(findTestObject("Object Repository/DEMOBLAZE/Place Order/Page_STORE/button_Log in")): Object: 'Object Repository/DEMOBLAZE/Place Order/Page_STORE/button_Log in' is clicked on

2022-04-15 00:05:59 - [MESSAGE][PASSED] - Object: 'Object Repository/DEMOBLAZE/Place Order/Page_STORE/button_Log in' is clicked on

2022-04-15 00:05:59 - [TEST_STEP][PASSED] - click(findTestObject("Object Repository/DEMOBLAZE/Place Order/Page_STORE/a_Samsung galaxy s6")): Object: 'Object Repository/DEMOBLAZE/Place Order/Page_STORE/a_Samsung galaxy s6' is clicked on

2022-04-15 00:06:03 - [MESSAGE][PASSED] - Object: 'Object Repository/DEMOBLAZE/Place Order/Page_STORE/a_Samsung galaxy s6' is clicked on

2022-04-15 00:06:03 - [TEST_STEP][PASSED] - click(findTestObject("Object Repository/DEMOBLAZE/Place Order/Page_STORE/a_Add to cart")): Object: 'Object Repository/DEMOBLAZE/Place Order/Page_STORE/a_Add to cart' is clicked on

2022-04-15 00:06:04 - [MESSAGE][PASSED] - Object: 'Object Repository/DEMOBLAZE/Place Order/Page_STORE/a_Add to cart' is clicked on

2022-04-15 00:06:04 - [TEST_STEP][PASSED] - click(findTestObject("Object Repository/DEMOBLAZE/Place Order/Page_STORE/a_Cart")): Object: 'Object Repository/DEMOBLAZE/Place Order/Page_STORE/a_Cart' is clicked on

2022-04-15 00:06:06 - [MESSAGE][PASSED] - Object: 'Object Repository/DEMOBLAZE/Place Order/Page_STORE/a_Cart' is clicked on

2022-04-15 00:06:06 - [TEST_STEP][PASSED] - click(findTestObject("Object Repository/DEMOBLAZE/Place Order/Page_STORE/button_Place Order")): Object: 'Object Repository/DEMOBLAZE/Place Order/Page_STORE/button_Place Order' is clicked on

2022-04-15 00:06:07 - [MESSAGE][PASSED] - Object: 'Object Repository/DEMOBLAZE/Place Order/Page_STORE/button_Place Order' is clicked on

2022-04-15 00:06:07 - [TEST_STEP][PASSED] - setText(findTestObject("Object Repository/DEMOBLAZE/Place Order/Page_STORE/input_Name_name"), "Ali"): Text 'Ali' is set on object 'Object Repository/DEMOBLAZE/Place Order/Page_STORE/input_Name_name'

2022-04-15 00:06:09 - [MESSAGE][PASSED] - Text 'Ali' is set on object 'Object Repository/DEMOBLAZE/Place Order/Page_STORE/input_Name_name'

2022-04-15 00:06:09 - [TEST_STEP][PASSED] - setText(findTestObject("Object Repository/DEMOBLAZE/Place Order/Page_STORE/input_Country_country"), "Malaysia"): Text 'Malaysia' is set on object 'Object Repository/DEMOBLAZE/Place Order/Page_STORE/input_Country_country'

2022-04-15 00:06:10 - [MESSAGE][PASSED] - Text 'Malaysia' is set on object 'Object Repository/DEMOBLAZE/Place Order/Page_STORE/input_Country_country'

2022-04-15 00:06:10 - [TEST_STEP][PASSED] - setText(findTestObject("Object Repository/DEMOBLAZE/Place Order/Page_STORE/input_City_city"), "Bayan Lepas"): Text 'Bayan Lepas' is set on object 'Object Repository/DEMOBLAZE/Place Order/Page_STORE/input_City_city'

2022-04-15 00:06:11 - [MESSAGE][PASSED] - Text 'Bayan Lepas' is set on object 'Object Repository/DEMOBLAZE/Place Order/Page_STORE/input_City_city'

2022-04-15 00:06:11 - [TEST_STEP][PASSED] - setText(findTestObject("Object Repository/DEMOBLAZE/Place Order/Page_STORE/input_Credit card_card"), "1234"): Text '1234' is set on object 'Object Repository/DEMOBLAZE/Place Order/Page_STORE/input_Credit card_card'

2022-04-15 00:06:12 - [MESSAGE][PASSED] - Text '1234' is set on object 'Object Repository/DEMOBLAZE/Place Order/Page_STORE/input_Credit card_card'

2022-04-15 00:06:12 - [TEST_STEP][PASSED] - setText(findTestObject("Object Repository/DEMOBLAZE/Place Order/Page_STORE/input_Month_month"), "12"): Text '12' is set on object 'Object Repository/DEMOBLAZE/Place Order/Page_STORE/input_Month_month'

2022-04-15 00:06:13 - [MESSAGE][PASSED] - Text '12' is set on object 'Object Repository/DEMOBLAZE/Place Order/Page_STORE/input_Month_month'

2022-04-15 00:06:13 - [TEST_STEP][PASSED] - setText(findTestObject("Object Repository/DEMOBLAZE/Place Order/Page_STORE/input_Year_year"), "2024"): Text '2024' is set on object 'Object Repository/DEMOBLAZE/Place Order/Page_STORE/input_Year_year'

2022-04-15 00:06:14 - [MESSAGE][PASSED] - Text '2024' is set on object 'Object Repository/DEMOBLAZE/Place Order/Page_STORE/input_Year_year'

2022-04-15 00:06:14 - [TEST_STEP][PASSED] - click(findTestObject("Object Repository/DEMOBLAZE/Place Order/Page_STORE/button_Purchase")): Object: 'Object Repository/DEMOBLAZE/Place Order/Page_STORE/button_Purchase' is clicked on

2022-04-15 00:06:16 - [MESSAGE][PASSED] - Object: 'Object Repository/DEMOBLAZE/Place Order/Page_STORE/button_Purchase' is clicked on

2022-04-15 00:06:16 - [TEST_STEP][PASSED] - click(findTestObject("Object Repository/DEMOBLAZE/Place Order/Page_STORE/button_OK")): Object: 'Object Repository/DEMOBLAZE/Place Order/Page_STORE/button_OK' is clicked on

2022-04-15 00:06:17 - [MESSAGE][PASSED] - Object: 'Object Repository/DEMOBLAZE/Place Order/Page_STORE/button_OK' is clicked on

2022-04-15 00:06:17 - [TEST_STEP][PASSED] - closeBrowser(): Browser is closed

2022-04-15 00:06:20 - [MESSAGE][PASSED] - Browser is closed]]></system-out>
         <system-err><![CDATA[]]></system-err>
      </testcase>
      <testcase name="Test Cases/Contact Us" time="19.088" classname="Test Cases/Contact Us" status="PASSED">
         <system-out><![CDATA[2022-04-15 00:06:20 - [TEST_CASE][PASSED] - Test Cases/Contact Us: Test Cases/Contact Us

2022-04-15 00:06:21 - [TEST_STEP][PASSED] - openBrowser(""): Browser is opened with url: ''

2022-04-15 00:06:21 - [MESSAGE][INFO] - Starting 'Chrome' driver

2022-04-15 00:06:21 - [MESSAGE][INFO] - Action delay is set to 0 milliseconds

2022-04-15 00:06:27 - [MESSAGE][PASSED] - Browser is opened with url: ''

2022-04-15 00:06:27 - [TEST_STEP][PASSED] - navigateToUrl("https://www.demoblaze.com/"): Navigate to 'https://www.demoblaze.com/' successfully

2022-04-15 00:06:29 - [MESSAGE][PASSED] - Navigate to 'https://www.demoblaze.com/' successfully

2022-04-15 00:06:29 - [TEST_STEP][PASSED] - click(findTestObject("DEMOBLAZE/Contact Us/Page_STORE/a_Contact")): Object: 'Object Repository/DEMOBLAZE/Contact Us/Page_STORE/a_Contact' is clicked on

2022-04-15 00:06:31 - [MESSAGE][PASSED] - Object: 'Object Repository/DEMOBLAZE/Contact Us/Page_STORE/a_Contact' is clicked on

2022-04-15 00:06:31 - [TEST_STEP][PASSED] - setText(findTestObject("DEMOBLAZE/Contact Us/Page_STORE/input_Contact Email_recipient-email"), "ali@gmail.com"): Text 'ali@gmail.com' is set on object 'Object Repository/DEMOBLAZE/Contact Us/Page_STORE/input_Contact Email_recipient-email'

2022-04-15 00:06:32 - [MESSAGE][PASSED] - Text 'ali@gmail.com' is set on object 'Object Repository/DEMOBLAZE/Contact Us/Page_STORE/input_Contact Email_recipient-email'

2022-04-15 00:06:32 - [TEST_STEP][PASSED] - setText(findTestObject("DEMOBLAZE/Contact Us/Page_STORE/input_Contact Name_recipient-name"), "Ali"): Text 'Ali' is set on object 'Object Repository/DEMOBLAZE/Contact Us/Page_STORE/input_Contact Name_recipient-name'

2022-04-15 00:06:34 - [MESSAGE][PASSED] - Text 'Ali' is set on object 'Object Repository/DEMOBLAZE/Contact Us/Page_STORE/input_Contact Name_recipient-name'

2022-04-15 00:06:34 - [TEST_STEP][PASSED] - setText(findTestObject("DEMOBLAZE/Contact Us/Page_STORE/textarea_Message_message-text"), "Abc"): Text 'Abc' is set on object 'Object Repository/DEMOBLAZE/Contact Us/Page_STORE/textarea_Message_message-text'

2022-04-15 00:06:35 - [MESSAGE][PASSED] - Text 'Abc' is set on object 'Object Repository/DEMOBLAZE/Contact Us/Page_STORE/textarea_Message_message-text'

2022-04-15 00:06:35 - [TEST_STEP][PASSED] - click(findTestObject("DEMOBLAZE/Contact Us/Page_STORE/button_Send message")): Object: 'Object Repository/DEMOBLAZE/Contact Us/Page_STORE/button_Send message' is clicked on

2022-04-15 00:06:36 - [MESSAGE][PASSED] - Object: 'Object Repository/DEMOBLAZE/Contact Us/Page_STORE/button_Send message' is clicked on

2022-04-15 00:06:36 - [TEST_STEP][PASSED] - closeBrowser(): Browser is closed

2022-04-15 00:06:39 - [MESSAGE][PASSED] - Browser is closed]]></system-out>
         <system-err><![CDATA[]]></system-err>
      </testcase>
      <testcase name="Test Cases/Logout" time="19.395" classname="Test Cases/Logout" status="PASSED">
         <system-out><![CDATA[2022-04-15 00:06:40 - [TEST_CASE][PASSED] - Test Cases/Logout: Test Cases/Logout

2022-04-15 00:06:40 - [TEST_STEP][PASSED] - openBrowser(""): Browser is opened with url: ''

2022-04-15 00:06:40 - [MESSAGE][INFO] - Starting 'Chrome' driver

2022-04-15 00:06:40 - [MESSAGE][INFO] - Action delay is set to 0 milliseconds

2022-04-15 00:06:46 - [MESSAGE][PASSED] - Browser is opened with url: ''

2022-04-15 00:06:46 - [TEST_STEP][PASSED] - navigateToUrl("https://www.demoblaze.com/"): Navigate to 'https://www.demoblaze.com/' successfully

2022-04-15 00:06:47 - [MESSAGE][PASSED] - Navigate to 'https://www.demoblaze.com/' successfully

2022-04-15 00:06:47 - [TEST_STEP][PASSED] - click(findTestObject("Object Repository/DEMOBLAZE/Logout/Page_STORE/a_Log in")): Object: 'Object Repository/DEMOBLAZE/Logout/Page_STORE/a_Log in' is clicked on

2022-04-15 00:06:49 - [MESSAGE][PASSED] - Object: 'Object Repository/DEMOBLAZE/Logout/Page_STORE/a_Log in' is clicked on

2022-04-15 00:06:49 - [TEST_STEP][PASSED] - setText(findTestObject("Object Repository/DEMOBLAZE/Logout/Page_STORE/input_Username_loginusername"), "Ali12345"): Text 'Ali12345' is set on object 'Object Repository/DEMOBLAZE/Logout/Page_STORE/input_Username_loginusername'

2022-04-15 00:06:52 - [MESSAGE][PASSED] - Text 'Ali12345' is set on object 'Object Repository/DEMOBLAZE/Logout/Page_STORE/input_Username_loginusername'

2022-04-15 00:06:52 - [TEST_STEP][PASSED] - setEncryptedText(findTestObject("Object Repository/DEMOBLAZE/Logout/Page_STORE/input_Password_loginpassword"), "T2f+EhbY9lxWCo62oSDqfg=="): Text ****** has been set on object 'Object Repository/DEMOBLAZE/Logout/Page_STORE/input_Password_loginpassword'

2022-04-15 00:06:53 - [MESSAGE][PASSED] - Text ****** has been set on object 'Object Repository/DEMOBLAZE/Logout/Page_STORE/input_Password_loginpassword'

2022-04-15 00:06:53 - [TEST_STEP][PASSED] - click(findTestObject("Object Repository/DEMOBLAZE/Logout/Page_STORE/button_Log in")): Object: 'Object Repository/DEMOBLAZE/Logout/Page_STORE/button_Log in' is clicked on

2022-04-15 00:06:54 - [MESSAGE][PASSED] - Object: 'Object Repository/DEMOBLAZE/Logout/Page_STORE/button_Log in' is clicked on

2022-04-15 00:06:54 - [TEST_STEP][PASSED] - click(findTestObject("Object Repository/DEMOBLAZE/Logout/Page_STORE/a_Log out")): Object: 'Object Repository/DEMOBLAZE/Logout/Page_STORE/a_Log out' is clicked on

2022-04-15 00:06:57 - [MESSAGE][PASSED] - Object: 'Object Repository/DEMOBLAZE/Logout/Page_STORE/a_Log out' is clicked on

2022-04-15 00:06:57 - [TEST_STEP][PASSED] - closeBrowser(): Browser is closed

2022-04-15 00:06:59 - [MESSAGE][PASSED] - Browser is closed]]></system-out>
         <system-err><![CDATA[]]></system-err>
      </testcase>
      <system-out><![CDATA[2022-04-15 00:05:11 - [TEST_SUITE][PASSED] - Scenarios: Test Cases/Logout]]></system-out>
      <system-err><![CDATA[]]></system-err>
   </testsuite>
</testsuites>
