<?xml version="1.0" encoding="UTF-8"?>
<testsuites name="Login With Multiple Data" time="36.787" tests="4" failures="0" errors="0">
   <testsuite name="Login With Multiple Data" tests="4" failures="0" errors="0" time="36.787" skipped="0" timestamp="2022-04-15 01:25:33" hostname="User - LAPTOP-VADP8VTF.realtek" id="Test Suites/DEMOBLAZE/Login With Multiple Data">
      <properties>
         <property name="deviceName" value=""/>
         <property name="devicePlatform" value=""/>
         <property name="logFolder" value="C:\\Users\\User\\Katalon Studio\\PROJECT WEB DEMOBLAZE\\Reports\\20220415_012521\\DEMOBLAZE\\Login With Multiple Data\\20220415_012521"/>
         <property name="logFiles" value="C:\\Users\\User\\Katalon Studio\\PROJECT WEB DEMOBLAZE\\Reports\\20220415_012521\\DEMOBLAZE\\Login With Multiple Data\\20220415_012521\\execution0.log"/>
         <property name="attachments" value=""/>
         <property name="hostName" value="User - LAPTOP-VADP8VTF.realtek"/>
         <property name="os" value="Windows 10 64bit"/>
         <property name="katalonVersion" value="8.2.5.208"/>
         <property name="browser" value="Chrome 100.0.4896.88"/>
         <property name="hostAddress" value="192.168.0.7"/>
         <property name="sessionId" value="21fdcafeff352fb5eede3d476b69ca4c"/>
         <property name="seleniumVersion" value="3.141.59"/>
         <property name="proxyInformation" value="ProxyInformation { proxyOption=NO_PROXY, proxyServerType=HTTP, username=, password=********, proxyServerAddress=, proxyServerPort=0, executionList=&quot;&quot;, isApplyToDesiredCapabilities=true }"/>
         <property name="platform" value="Windows 10"/>
      </properties>
      <testcase name="Test Cases/Data Driven Login" time="11.907" classname="Test Cases/Data Driven Login" status="PASSED">
         <system-out><![CDATA[2022-04-15 01:25:33 - [TEST_CASE][PASSED] - Test Cases/Data Driven Login: Test Cases/Data Driven Login

2022-04-15 01:25:34 - [TEST_STEP][PASSED] - openBrowser(""): Browser is opened with url: ''

2022-04-15 01:25:35 - [MESSAGE][INFO] - Starting 'Chrome' driver

2022-04-15 01:25:35 - [MESSAGE][INFO] - Action delay is set to 0 milliseconds

2022-04-15 01:25:40 - [MESSAGE][PASSED] - Browser is opened with url: ''

2022-04-15 01:25:40 - [TEST_STEP][PASSED] - navigateToUrl("https://www.demoblaze.com/"): Navigate to 'https://www.demoblaze.com/' successfully

2022-04-15 01:25:42 - [MESSAGE][PASSED] - Navigate to 'https://www.demoblaze.com/' successfully

2022-04-15 01:25:42 - [TEST_STEP][PASSED] - click(findTestObject("Object Repository/DEMOBLAZE/Login/Page_STORE/a_Log in")): Object: 'Object Repository/DEMOBLAZE/Login/Page_STORE/a_Log in' is clicked on

2022-04-15 01:25:43 - [MESSAGE][PASSED] - Object: 'Object Repository/DEMOBLAZE/Login/Page_STORE/a_Log in' is clicked on

2022-04-15 01:25:43 - [TEST_STEP][PASSED] - setText(findTestObject("Object Repository/DEMOBLAZE/Login/Page_STORE/input_Username_loginusername"), Username): Text 'Abu1' is set on object 'Object Repository/DEMOBLAZE/Login/Page_STORE/input_Username_loginusername'

2022-04-15 01:25:44 - [MESSAGE][PASSED] - Text 'Abu1' is set on object 'Object Repository/DEMOBLAZE/Login/Page_STORE/input_Username_loginusername'

2022-04-15 01:25:44 - [TEST_STEP][PASSED] - setEncryptedText(findTestObject("Object Repository/DEMOBLAZE/Login/Page_STORE/input_Password_loginpassword"), Password): Text ****** has been set on object 'Object Repository/DEMOBLAZE/Login/Page_STORE/input_Password_loginpassword'

2022-04-15 01:25:44 - [MESSAGE][PASSED] - Text ****** has been set on object 'Object Repository/DEMOBLAZE/Login/Page_STORE/input_Password_loginpassword'

2022-04-15 01:25:44 - [TEST_STEP][PASSED] - click(findTestObject("Object Repository/DEMOBLAZE/Login/Page_STORE/button_Log in")): Object: 'Object Repository/DEMOBLAZE/Login/Page_STORE/button_Log in' is clicked on

2022-04-15 01:25:45 - [MESSAGE][PASSED] - Object: 'Object Repository/DEMOBLAZE/Login/Page_STORE/button_Log in' is clicked on]]></system-out>
         <system-err><![CDATA[]]></system-err>
      </testcase>
      <testcase name="Test Cases/Data Driven Login" time="8.595" classname="Test Cases/Data Driven Login" status="PASSED">
         <system-out><![CDATA[2022-04-15 01:25:45 - [TEST_CASE][PASSED] - Test Cases/Data Driven Login: Test Cases/Data Driven Login

2022-04-15 01:25:45 - [TEST_STEP][PASSED] - openBrowser(""): Browser is opened with url: ''

2022-04-15 01:25:45 - [MESSAGE][WARNING] - A browser is already opened. Closing browser and opening a new one

2022-04-15 01:25:47 - [MESSAGE][INFO] - Starting 'Chrome' driver

2022-04-15 01:25:47 - [MESSAGE][INFO] - Action delay is set to 0 milliseconds

2022-04-15 01:25:49 - [MESSAGE][PASSED] - Browser is opened with url: ''

2022-04-15 01:25:49 - [TEST_STEP][PASSED] - navigateToUrl("https://www.demoblaze.com/"): Navigate to 'https://www.demoblaze.com/' successfully

2022-04-15 01:25:50 - [MESSAGE][PASSED] - Navigate to 'https://www.demoblaze.com/' successfully

2022-04-15 01:25:50 - [TEST_STEP][PASSED] - click(findTestObject("Object Repository/DEMOBLAZE/Login/Page_STORE/a_Log in")): Object: 'Object Repository/DEMOBLAZE/Login/Page_STORE/a_Log in' is clicked on

2022-04-15 01:25:52 - [MESSAGE][PASSED] - Object: 'Object Repository/DEMOBLAZE/Login/Page_STORE/a_Log in' is clicked on

2022-04-15 01:25:52 - [TEST_STEP][PASSED] - setText(findTestObject("Object Repository/DEMOBLAZE/Login/Page_STORE/input_Username_loginusername"), Username): Text 'Abu2' is set on object 'Object Repository/DEMOBLAZE/Login/Page_STORE/input_Username_loginusername'

2022-04-15 01:25:53 - [MESSAGE][PASSED] - Text 'Abu2' is set on object 'Object Repository/DEMOBLAZE/Login/Page_STORE/input_Username_loginusername'

2022-04-15 01:25:53 - [TEST_STEP][PASSED] - setEncryptedText(findTestObject("Object Repository/DEMOBLAZE/Login/Page_STORE/input_Password_loginpassword"), Password): Text ****** has been set on object 'Object Repository/DEMOBLAZE/Login/Page_STORE/input_Password_loginpassword'

2022-04-15 01:25:53 - [MESSAGE][PASSED] - Text ****** has been set on object 'Object Repository/DEMOBLAZE/Login/Page_STORE/input_Password_loginpassword'

2022-04-15 01:25:53 - [TEST_STEP][PASSED] - click(findTestObject("Object Repository/DEMOBLAZE/Login/Page_STORE/button_Log in")): Object: 'Object Repository/DEMOBLAZE/Login/Page_STORE/button_Log in' is clicked on

2022-04-15 01:25:54 - [MESSAGE][PASSED] - Object: 'Object Repository/DEMOBLAZE/Login/Page_STORE/button_Log in' is clicked on]]></system-out>
         <system-err><![CDATA[]]></system-err>
      </testcase>
      <testcase name="Test Cases/Data Driven Login" time="7.34" classname="Test Cases/Data Driven Login" status="PASSED">
         <system-out><![CDATA[2022-04-15 01:25:54 - [TEST_CASE][PASSED] - Test Cases/Data Driven Login: Test Cases/Data Driven Login

2022-04-15 01:25:54 - [TEST_STEP][PASSED] - openBrowser(""): Browser is opened with url: ''

2022-04-15 01:25:54 - [MESSAGE][WARNING] - A browser is already opened. Closing browser and opening a new one

2022-04-15 01:25:55 - [MESSAGE][INFO] - Starting 'Chrome' driver

2022-04-15 01:25:55 - [MESSAGE][INFO] - Action delay is set to 0 milliseconds

2022-04-15 01:25:56 - [MESSAGE][PASSED] - Browser is opened with url: ''

2022-04-15 01:25:56 - [TEST_STEP][PASSED] - navigateToUrl("https://www.demoblaze.com/"): Navigate to 'https://www.demoblaze.com/' successfully

2022-04-15 01:25:58 - [MESSAGE][PASSED] - Navigate to 'https://www.demoblaze.com/' successfully

2022-04-15 01:25:58 - [TEST_STEP][PASSED] - click(findTestObject("Object Repository/DEMOBLAZE/Login/Page_STORE/a_Log in")): Object: 'Object Repository/DEMOBLAZE/Login/Page_STORE/a_Log in' is clicked on

2022-04-15 01:25:59 - [MESSAGE][PASSED] - Object: 'Object Repository/DEMOBLAZE/Login/Page_STORE/a_Log in' is clicked on

2022-04-15 01:25:59 - [TEST_STEP][PASSED] - setText(findTestObject("Object Repository/DEMOBLAZE/Login/Page_STORE/input_Username_loginusername"), Username): Text 'Abu3' is set on object 'Object Repository/DEMOBLAZE/Login/Page_STORE/input_Username_loginusername'

2022-04-15 01:26:00 - [MESSAGE][PASSED] - Text 'Abu3' is set on object 'Object Repository/DEMOBLAZE/Login/Page_STORE/input_Username_loginusername'

2022-04-15 01:26:00 - [TEST_STEP][PASSED] - setEncryptedText(findTestObject("Object Repository/DEMOBLAZE/Login/Page_STORE/input_Password_loginpassword"), Password): Text ****** has been set on object 'Object Repository/DEMOBLAZE/Login/Page_STORE/input_Password_loginpassword'

2022-04-15 01:26:01 - [MESSAGE][PASSED] - Text ****** has been set on object 'Object Repository/DEMOBLAZE/Login/Page_STORE/input_Password_loginpassword'

2022-04-15 01:26:01 - [TEST_STEP][PASSED] - click(findTestObject("Object Repository/DEMOBLAZE/Login/Page_STORE/button_Log in")): Object: 'Object Repository/DEMOBLAZE/Login/Page_STORE/button_Log in' is clicked on

2022-04-15 01:26:01 - [MESSAGE][PASSED] - Object: 'Object Repository/DEMOBLAZE/Login/Page_STORE/button_Log in' is clicked on]]></system-out>
         <system-err><![CDATA[]]></system-err>
      </testcase>
      <testcase name="Test Cases/Data Driven Login" time="7.987" classname="Test Cases/Data Driven Login" status="PASSED">
         <system-out><![CDATA[2022-04-15 01:26:01 - [TEST_CASE][PASSED] - Test Cases/Data Driven Login: Test Cases/Data Driven Login

2022-04-15 01:26:01 - [TEST_STEP][PASSED] - openBrowser(""): Browser is opened with url: ''

2022-04-15 01:26:01 - [MESSAGE][WARNING] - A browser is already opened. Closing browser and opening a new one

2022-04-15 01:26:02 - [MESSAGE][INFO] - Starting 'Chrome' driver

2022-04-15 01:26:02 - [MESSAGE][INFO] - Action delay is set to 0 milliseconds

2022-04-15 01:26:05 - [MESSAGE][PASSED] - Browser is opened with url: ''

2022-04-15 01:26:05 - [TEST_STEP][PASSED] - navigateToUrl("https://www.demoblaze.com/"): Navigate to 'https://www.demoblaze.com/' successfully

2022-04-15 01:26:06 - [MESSAGE][PASSED] - Navigate to 'https://www.demoblaze.com/' successfully

2022-04-15 01:26:06 - [TEST_STEP][PASSED] - click(findTestObject("Object Repository/DEMOBLAZE/Login/Page_STORE/a_Log in")): Object: 'Object Repository/DEMOBLAZE/Login/Page_STORE/a_Log in' is clicked on

2022-04-15 01:26:07 - [MESSAGE][PASSED] - Object: 'Object Repository/DEMOBLAZE/Login/Page_STORE/a_Log in' is clicked on

2022-04-15 01:26:07 - [TEST_STEP][PASSED] - setText(findTestObject("Object Repository/DEMOBLAZE/Login/Page_STORE/input_Username_loginusername"), Username): Text 'Abu4' is set on object 'Object Repository/DEMOBLAZE/Login/Page_STORE/input_Username_loginusername'

2022-04-15 01:26:08 - [MESSAGE][PASSED] - Text 'Abu4' is set on object 'Object Repository/DEMOBLAZE/Login/Page_STORE/input_Username_loginusername'

2022-04-15 01:26:08 - [TEST_STEP][PASSED] - setEncryptedText(findTestObject("Object Repository/DEMOBLAZE/Login/Page_STORE/input_Password_loginpassword"), Password): Text ****** has been set on object 'Object Repository/DEMOBLAZE/Login/Page_STORE/input_Password_loginpassword'

2022-04-15 01:26:09 - [MESSAGE][PASSED] - Text ****** has been set on object 'Object Repository/DEMOBLAZE/Login/Page_STORE/input_Password_loginpassword'

2022-04-15 01:26:09 - [TEST_STEP][PASSED] - click(findTestObject("Object Repository/DEMOBLAZE/Login/Page_STORE/button_Log in")): Object: 'Object Repository/DEMOBLAZE/Login/Page_STORE/button_Log in' is clicked on

2022-04-15 01:26:09 - [MESSAGE][PASSED] - Object: 'Object Repository/DEMOBLAZE/Login/Page_STORE/button_Log in' is clicked on]]></system-out>
         <system-err><![CDATA[]]></system-err>
      </testcase>
      <system-out><![CDATA[2022-04-15 01:25:33 - [TEST_SUITE][PASSED] - Login With Multiple Data: Test Cases/Data Driven Login]]></system-out>
      <system-err><![CDATA[]]></system-err>
   </testsuite>
</testsuites>
