<?xml version="1.0" encoding="UTF-8"?>
<testsuites name="Buying Different Phones" time="207.112" tests="7" failures="0" errors="0">
   <testsuite name="Buying Different Phones" tests="7" failures="0" errors="0" time="207.112" skipped="0" timestamp="2022-04-14 23:55:15" hostname="User - LAPTOP-VADP8VTF.realtek" id="Test Suites/DEMOBLAZE/Buying Different Phones">
      <properties>
         <property name="deviceName" value=""/>
         <property name="devicePlatform" value=""/>
         <property name="logFolder" value="C:\\Users\\User\\Katalon Studio\\PROJECT WEB DEMOBLAZE\\Reports\\20220414_235502\\DEMOBLAZE\\Buying Different Phones\\20220414_235502"/>
         <property name="logFiles" value="C:\\Users\\User\\Katalon Studio\\PROJECT WEB DEMOBLAZE\\Reports\\20220414_235502\\DEMOBLAZE\\Buying Different Phones\\20220414_235502\\execution0.log"/>
         <property name="attachments" value=""/>
         <property name="hostName" value="User - LAPTOP-VADP8VTF.realtek"/>
         <property name="os" value="Windows 10 64bit"/>
         <property name="katalonVersion" value="8.2.5.208"/>
         <property name="browser" value="Chrome 100.0.4896.88"/>
         <property name="hostAddress" value="192.168.0.7"/>
         <property name="sessionId" value="447eec1cf12aeb52926ce86abdadbf64"/>
         <property name="seleniumVersion" value="3.141.59"/>
         <property name="proxyInformation" value="ProxyInformation { proxyOption=NO_PROXY, proxyServerType=HTTP, username=, password=********, proxyServerAddress=, proxyServerPort=0, executionList=&quot;&quot;, isApplyToDesiredCapabilities=true }"/>
         <property name="platform" value="Windows 10"/>
      </properties>
      <testcase name="Test Cases/Phones/HTC One M9" time="28.861" classname="Test Cases/Phones/HTC One M9" status="PASSED">
         <system-out><![CDATA[2022-04-14 23:55:16 - [TEST_CASE][PASSED] - Test Cases/Phones/HTC One M9: Test Cases/Phones/HTC One M9

2022-04-14 23:55:16 - [TEST_STEP][PASSED] - openBrowser(""): Browser is opened with url: ''

2022-04-14 23:55:18 - [MESSAGE][INFO] - Starting 'Chrome' driver

2022-04-14 23:55:18 - [MESSAGE][INFO] - Action delay is set to 0 milliseconds

2022-04-14 23:55:24 - [MESSAGE][PASSED] - Browser is opened with url: ''

2022-04-14 23:55:24 - [TEST_STEP][PASSED] - navigateToUrl("https://www.demoblaze.com/"): Navigate to 'https://www.demoblaze.com/' successfully

2022-04-14 23:55:27 - [MESSAGE][PASSED] - Navigate to 'https://www.demoblaze.com/' successfully

2022-04-14 23:55:27 - [TEST_STEP][PASSED] - click(findTestObject("DEMOBLAZE/Phones/Samsung Galaxy S6/Page_STORE/a_Log in")): Object: 'Object Repository/DEMOBLAZE/Phones/Samsung Galaxy S6/Page_STORE/a_Log in' is clicked on

2022-04-14 23:55:28 - [MESSAGE][PASSED] - Object: 'Object Repository/DEMOBLAZE/Phones/Samsung Galaxy S6/Page_STORE/a_Log in' is clicked on

2022-04-14 23:55:28 - [TEST_STEP][PASSED] - setText(findTestObject("DEMOBLAZE/Phones/Samsung Galaxy S6/Page_STORE/input_Username_loginusername"), "Ali12345"): Text 'Ali12345' is set on object 'Object Repository/DEMOBLAZE/Phones/Samsung Galaxy S6/Page_STORE/input_Username_loginusername'

2022-04-14 23:55:29 - [MESSAGE][PASSED] - Text 'Ali12345' is set on object 'Object Repository/DEMOBLAZE/Phones/Samsung Galaxy S6/Page_STORE/input_Username_loginusername'

2022-04-14 23:55:29 - [TEST_STEP][PASSED] - setEncryptedText(findTestObject("DEMOBLAZE/Phones/Samsung Galaxy S6/Page_STORE/input_Password_loginpassword"), "T2f+EhbY9lxWCo62oSDqfg=="): Text ****** has been set on object 'Object Repository/DEMOBLAZE/Phones/Samsung Galaxy S6/Page_STORE/input_Password_loginpassword'

2022-04-14 23:55:30 - [MESSAGE][PASSED] - Text ****** has been set on object 'Object Repository/DEMOBLAZE/Phones/Samsung Galaxy S6/Page_STORE/input_Password_loginpassword'

2022-04-14 23:55:30 - [TEST_STEP][PASSED] - click(findTestObject("DEMOBLAZE/Phones/Samsung Galaxy S6/Page_STORE/button_Log in")): Object: 'Object Repository/DEMOBLAZE/Phones/Samsung Galaxy S6/Page_STORE/button_Log in' is clicked on

2022-04-14 23:55:30 - [MESSAGE][PASSED] - Object: 'Object Repository/DEMOBLAZE/Phones/Samsung Galaxy S6/Page_STORE/button_Log in' is clicked on

2022-04-14 23:55:30 - [TEST_STEP][PASSED] - click(findTestObject("DEMOBLAZE/Phones/Samsung Galaxy S6/Page_STORE/a_Phones")): Object: 'Object Repository/DEMOBLAZE/Phones/Samsung Galaxy S6/Page_STORE/a_Phones' is clicked on

2022-04-14 23:55:32 - [MESSAGE][PASSED] - Object: 'Object Repository/DEMOBLAZE/Phones/Samsung Galaxy S6/Page_STORE/a_Phones' is clicked on

2022-04-14 23:55:32 - [TEST_STEP][PASSED] - click(findTestObject("DEMOBLAZE/Phones/HTC One M9/Page_STORE/a_HTC One M9")): Object: 'Object Repository/DEMOBLAZE/Phones/HTC One M9/Page_STORE/a_HTC One M9' is clicked on

2022-04-14 23:55:34 - [MESSAGE][PASSED] - Object: 'Object Repository/DEMOBLAZE/Phones/HTC One M9/Page_STORE/a_HTC One M9' is clicked on

2022-04-14 23:55:34 - [TEST_STEP][PASSED] - click(findTestObject("DEMOBLAZE/Phones/HTC One M9/Page_STORE/a_Add to cart")): Object: 'Object Repository/DEMOBLAZE/Phones/HTC One M9/Page_STORE/a_Add to cart' is clicked on

2022-04-14 23:55:35 - [MESSAGE][PASSED] - Object: 'Object Repository/DEMOBLAZE/Phones/HTC One M9/Page_STORE/a_Add to cart' is clicked on

2022-04-14 23:55:35 - [TEST_STEP][PASSED] - click(findTestObject("DEMOBLAZE/Phones/Samsung Galaxy S6/Page_STORE/a_Cart")): Object: 'Object Repository/DEMOBLAZE/Phones/Samsung Galaxy S6/Page_STORE/a_Cart' is clicked on

2022-04-14 23:55:36 - [MESSAGE][PASSED] - Object: 'Object Repository/DEMOBLAZE/Phones/Samsung Galaxy S6/Page_STORE/a_Cart' is clicked on

2022-04-14 23:55:36 - [TEST_STEP][PASSED] - click(findTestObject("DEMOBLAZE/Phones/Samsung Galaxy S6/Page_STORE/button_Place Order")): Object: 'Object Repository/DEMOBLAZE/Phones/Samsung Galaxy S6/Page_STORE/button_Place Order' is clicked on

2022-04-14 23:55:38 - [MESSAGE][PASSED] - Object: 'Object Repository/DEMOBLAZE/Phones/Samsung Galaxy S6/Page_STORE/button_Place Order' is clicked on

2022-04-14 23:55:38 - [TEST_STEP][PASSED] - setText(findTestObject("DEMOBLAZE/Phones/Samsung Galaxy S6/Page_STORE/input_Name_name"), "Ali"): Text 'Ali' is set on object 'Object Repository/DEMOBLAZE/Phones/Samsung Galaxy S6/Page_STORE/input_Name_name'

2022-04-14 23:55:39 - [MESSAGE][PASSED] - Text 'Ali' is set on object 'Object Repository/DEMOBLAZE/Phones/Samsung Galaxy S6/Page_STORE/input_Name_name'

2022-04-14 23:55:39 - [TEST_STEP][PASSED] - setText(findTestObject("DEMOBLAZE/Phones/Samsung Galaxy S6/Page_STORE/input_Country_country"), "Malaysia"): Text 'Malaysia' is set on object 'Object Repository/DEMOBLAZE/Phones/Samsung Galaxy S6/Page_STORE/input_Country_country'

2022-04-14 23:55:40 - [MESSAGE][PASSED] - Text 'Malaysia' is set on object 'Object Repository/DEMOBLAZE/Phones/Samsung Galaxy S6/Page_STORE/input_Country_country'

2022-04-14 23:55:40 - [TEST_STEP][PASSED] - setText(findTestObject("DEMOBLAZE/Phones/Samsung Galaxy S6/Page_STORE/input_City_city"), "Bayan Lepas"): Text 'Bayan Lepas' is set on object 'Object Repository/DEMOBLAZE/Phones/Samsung Galaxy S6/Page_STORE/input_City_city'

2022-04-14 23:55:41 - [MESSAGE][PASSED] - Text 'Bayan Lepas' is set on object 'Object Repository/DEMOBLAZE/Phones/Samsung Galaxy S6/Page_STORE/input_City_city'

2022-04-14 23:55:41 - [TEST_STEP][PASSED] - setText(findTestObject("DEMOBLAZE/Phones/Samsung Galaxy S6/Page_STORE/input_Credit card_card"), "123"): Text '123' is set on object 'Object Repository/DEMOBLAZE/Phones/Samsung Galaxy S6/Page_STORE/input_Credit card_card'

2022-04-14 23:55:41 - [MESSAGE][PASSED] - Text '123' is set on object 'Object Repository/DEMOBLAZE/Phones/Samsung Galaxy S6/Page_STORE/input_Credit card_card'

2022-04-14 23:55:41 - [TEST_STEP][PASSED] - setText(findTestObject("DEMOBLAZE/Phones/Samsung Galaxy S6/Page_STORE/input_Month_month"), "12"): Text '12' is set on object 'Object Repository/DEMOBLAZE/Phones/Samsung Galaxy S6/Page_STORE/input_Month_month'

2022-04-14 23:55:42 - [MESSAGE][PASSED] - Text '12' is set on object 'Object Repository/DEMOBLAZE/Phones/Samsung Galaxy S6/Page_STORE/input_Month_month'

2022-04-14 23:55:42 - [TEST_STEP][PASSED] - setText(findTestObject("DEMOBLAZE/Phones/Samsung Galaxy S6/Page_STORE/input_Year_year"), "2024"): Text '2024' is set on object 'Object Repository/DEMOBLAZE/Phones/Samsung Galaxy S6/Page_STORE/input_Year_year'

2022-04-14 23:55:43 - [MESSAGE][PASSED] - Text '2024' is set on object 'Object Repository/DEMOBLAZE/Phones/Samsung Galaxy S6/Page_STORE/input_Year_year'

2022-04-14 23:55:43 - [TEST_STEP][PASSED] - click(findTestObject("DEMOBLAZE/Phones/Samsung Galaxy S6/Page_STORE/button_Purchase")): Object: 'Object Repository/DEMOBLAZE/Phones/Samsung Galaxy S6/Page_STORE/button_Purchase' is clicked on

2022-04-14 23:55:43 - [MESSAGE][PASSED] - Object: 'Object Repository/DEMOBLAZE/Phones/Samsung Galaxy S6/Page_STORE/button_Purchase' is clicked on

2022-04-14 23:55:43 - [TEST_STEP][PASSED] - click(findTestObject("DEMOBLAZE/Phones/Samsung Galaxy S6/Page_STORE/button_OK")): Object: 'Object Repository/DEMOBLAZE/Phones/Samsung Galaxy S6/Page_STORE/button_OK' is clicked on

2022-04-14 23:55:45 - [MESSAGE][PASSED] - Object: 'Object Repository/DEMOBLAZE/Phones/Samsung Galaxy S6/Page_STORE/button_OK' is clicked on]]></system-out>
         <system-err><![CDATA[]]></system-err>
      </testcase>
      <testcase name="Test Cases/Phones/IPhone 6 32GB" time="29.2" classname="Test Cases/Phones/IPhone 6 32GB" status="PASSED">
         <system-out><![CDATA[2022-04-14 23:55:45 - [TEST_CASE][PASSED] - Test Cases/Phones/IPhone 6 32GB: Test Cases/Phones/IPhone 6 32GB

2022-04-14 23:55:46 - [TEST_STEP][PASSED] - openBrowser(""): Browser is opened with url: ''

2022-04-14 23:55:46 - [MESSAGE][WARNING] - A browser is already opened. Closing browser and opening a new one

2022-04-14 23:55:48 - [MESSAGE][INFO] - Starting 'Chrome' driver

2022-04-14 23:55:48 - [MESSAGE][INFO] - Action delay is set to 0 milliseconds

2022-04-14 23:55:52 - [MESSAGE][PASSED] - Browser is opened with url: ''

2022-04-14 23:55:52 - [TEST_STEP][PASSED] - navigateToUrl("https://www.demoblaze.com/"): Navigate to 'https://www.demoblaze.com/' successfully

2022-04-14 23:55:54 - [MESSAGE][PASSED] - Navigate to 'https://www.demoblaze.com/' successfully

2022-04-14 23:55:54 - [TEST_STEP][PASSED] - click(findTestObject("DEMOBLAZE/Phones/Samsung Galaxy S6/Page_STORE/a_Log in")): Object: 'Object Repository/DEMOBLAZE/Phones/Samsung Galaxy S6/Page_STORE/a_Log in' is clicked on

2022-04-14 23:55:55 - [MESSAGE][PASSED] - Object: 'Object Repository/DEMOBLAZE/Phones/Samsung Galaxy S6/Page_STORE/a_Log in' is clicked on

2022-04-14 23:55:55 - [TEST_STEP][PASSED] - setText(findTestObject("DEMOBLAZE/Phones/Samsung Galaxy S6/Page_STORE/input_Username_loginusername"), "Ali12345"): Text 'Ali12345' is set on object 'Object Repository/DEMOBLAZE/Phones/Samsung Galaxy S6/Page_STORE/input_Username_loginusername'

2022-04-14 23:55:56 - [MESSAGE][PASSED] - Text 'Ali12345' is set on object 'Object Repository/DEMOBLAZE/Phones/Samsung Galaxy S6/Page_STORE/input_Username_loginusername'

2022-04-14 23:55:56 - [TEST_STEP][PASSED] - setEncryptedText(findTestObject("DEMOBLAZE/Phones/Samsung Galaxy S6/Page_STORE/input_Password_loginpassword"), "T2f+EhbY9lxWCo62oSDqfg=="): Text ****** has been set on object 'Object Repository/DEMOBLAZE/Phones/Samsung Galaxy S6/Page_STORE/input_Password_loginpassword'

2022-04-14 23:55:56 - [MESSAGE][PASSED] - Text ****** has been set on object 'Object Repository/DEMOBLAZE/Phones/Samsung Galaxy S6/Page_STORE/input_Password_loginpassword'

2022-04-14 23:55:56 - [TEST_STEP][PASSED] - click(findTestObject("DEMOBLAZE/Phones/Samsung Galaxy S6/Page_STORE/button_Log in")): Object: 'Object Repository/DEMOBLAZE/Phones/Samsung Galaxy S6/Page_STORE/button_Log in' is clicked on

2022-04-14 23:55:57 - [MESSAGE][PASSED] - Object: 'Object Repository/DEMOBLAZE/Phones/Samsung Galaxy S6/Page_STORE/button_Log in' is clicked on

2022-04-14 23:55:57 - [TEST_STEP][PASSED] - click(findTestObject("DEMOBLAZE/Phones/Samsung Galaxy S6/Page_STORE/a_Phones")): Object: 'Object Repository/DEMOBLAZE/Phones/Samsung Galaxy S6/Page_STORE/a_Phones' is clicked on

2022-04-14 23:56:00 - [MESSAGE][PASSED] - Object: 'Object Repository/DEMOBLAZE/Phones/Samsung Galaxy S6/Page_STORE/a_Phones' is clicked on

2022-04-14 23:56:00 - [TEST_STEP][PASSED] - click(findTestObject("DEMOBLAZE/Phones/Samsung Galaxy S6/Page_STORE/a_Samsung galaxy s6")): Object: 'Object Repository/DEMOBLAZE/Phones/Samsung Galaxy S6/Page_STORE/a_Samsung galaxy s6' is clicked on

2022-04-14 23:56:02 - [MESSAGE][PASSED] - Object: 'Object Repository/DEMOBLAZE/Phones/Samsung Galaxy S6/Page_STORE/a_Samsung galaxy s6' is clicked on

2022-04-14 23:56:02 - [TEST_STEP][PASSED] - click(findTestObject("DEMOBLAZE/Phones/Samsung Galaxy S6/Page_STORE/a_Add to cart")): Object: 'Object Repository/DEMOBLAZE/Phones/Samsung Galaxy S6/Page_STORE/a_Add to cart' is clicked on

2022-04-14 23:56:03 - [MESSAGE][PASSED] - Object: 'Object Repository/DEMOBLAZE/Phones/Samsung Galaxy S6/Page_STORE/a_Add to cart' is clicked on

2022-04-14 23:56:03 - [TEST_STEP][PASSED] - click(findTestObject("DEMOBLAZE/Phones/Samsung Galaxy S6/Page_STORE/a_Cart")): Object: 'Object Repository/DEMOBLAZE/Phones/Samsung Galaxy S6/Page_STORE/a_Cart' is clicked on

2022-04-14 23:56:04 - [MESSAGE][PASSED] - Object: 'Object Repository/DEMOBLAZE/Phones/Samsung Galaxy S6/Page_STORE/a_Cart' is clicked on

2022-04-14 23:56:04 - [TEST_STEP][PASSED] - click(findTestObject("DEMOBLAZE/Phones/Samsung Galaxy S6/Page_STORE/button_Place Order")): Object: 'Object Repository/DEMOBLAZE/Phones/Samsung Galaxy S6/Page_STORE/button_Place Order' is clicked on

2022-04-14 23:56:05 - [MESSAGE][PASSED] - Object: 'Object Repository/DEMOBLAZE/Phones/Samsung Galaxy S6/Page_STORE/button_Place Order' is clicked on

2022-04-14 23:56:05 - [TEST_STEP][PASSED] - setText(findTestObject("DEMOBLAZE/Phones/Samsung Galaxy S6/Page_STORE/input_Name_name"), "Ali"): Text 'Ali' is set on object 'Object Repository/DEMOBLAZE/Phones/Samsung Galaxy S6/Page_STORE/input_Name_name'

2022-04-14 23:56:06 - [MESSAGE][PASSED] - Text 'Ali' is set on object 'Object Repository/DEMOBLAZE/Phones/Samsung Galaxy S6/Page_STORE/input_Name_name'

2022-04-14 23:56:06 - [TEST_STEP][PASSED] - setText(findTestObject("DEMOBLAZE/Phones/Samsung Galaxy S6/Page_STORE/input_Country_country"), "Malaysia"): Text 'Malaysia' is set on object 'Object Repository/DEMOBLAZE/Phones/Samsung Galaxy S6/Page_STORE/input_Country_country'

2022-04-14 23:56:07 - [MESSAGE][PASSED] - Text 'Malaysia' is set on object 'Object Repository/DEMOBLAZE/Phones/Samsung Galaxy S6/Page_STORE/input_Country_country'

2022-04-14 23:56:07 - [TEST_STEP][PASSED] - setText(findTestObject("DEMOBLAZE/Phones/Samsung Galaxy S6/Page_STORE/input_City_city"), "Bayan Lepas"): Text 'Bayan Lepas' is set on object 'Object Repository/DEMOBLAZE/Phones/Samsung Galaxy S6/Page_STORE/input_City_city'

2022-04-14 23:56:08 - [MESSAGE][PASSED] - Text 'Bayan Lepas' is set on object 'Object Repository/DEMOBLAZE/Phones/Samsung Galaxy S6/Page_STORE/input_City_city'

2022-04-14 23:56:08 - [TEST_STEP][PASSED] - setText(findTestObject("DEMOBLAZE/Phones/Samsung Galaxy S6/Page_STORE/input_Credit card_card"), "123"): Text '123' is set on object 'Object Repository/DEMOBLAZE/Phones/Samsung Galaxy S6/Page_STORE/input_Credit card_card'

2022-04-14 23:56:09 - [MESSAGE][PASSED] - Text '123' is set on object 'Object Repository/DEMOBLAZE/Phones/Samsung Galaxy S6/Page_STORE/input_Credit card_card'

2022-04-14 23:56:09 - [TEST_STEP][PASSED] - setText(findTestObject("DEMOBLAZE/Phones/Samsung Galaxy S6/Page_STORE/input_Month_month"), "12"): Text '12' is set on object 'Object Repository/DEMOBLAZE/Phones/Samsung Galaxy S6/Page_STORE/input_Month_month'

2022-04-14 23:56:10 - [MESSAGE][PASSED] - Text '12' is set on object 'Object Repository/DEMOBLAZE/Phones/Samsung Galaxy S6/Page_STORE/input_Month_month'

2022-04-14 23:56:10 - [TEST_STEP][PASSED] - setText(findTestObject("DEMOBLAZE/Phones/Samsung Galaxy S6/Page_STORE/input_Year_year"), "2024"): Text '2024' is set on object 'Object Repository/DEMOBLAZE/Phones/Samsung Galaxy S6/Page_STORE/input_Year_year'

2022-04-14 23:56:11 - [MESSAGE][PASSED] - Text '2024' is set on object 'Object Repository/DEMOBLAZE/Phones/Samsung Galaxy S6/Page_STORE/input_Year_year'

2022-04-14 23:56:11 - [TEST_STEP][PASSED] - click(findTestObject("DEMOBLAZE/Phones/Samsung Galaxy S6/Page_STORE/button_Purchase")): Object: 'Object Repository/DEMOBLAZE/Phones/Samsung Galaxy S6/Page_STORE/button_Purchase' is clicked on

2022-04-14 23:56:11 - [MESSAGE][PASSED] - Object: 'Object Repository/DEMOBLAZE/Phones/Samsung Galaxy S6/Page_STORE/button_Purchase' is clicked on

2022-04-14 23:56:11 - [TEST_STEP][PASSED] - click(findTestObject("DEMOBLAZE/Phones/Samsung Galaxy S6/Page_STORE/button_OK")): Object: 'Object Repository/DEMOBLAZE/Phones/Samsung Galaxy S6/Page_STORE/button_OK' is clicked on

2022-04-14 23:56:14 - [MESSAGE][PASSED] - Object: 'Object Repository/DEMOBLAZE/Phones/Samsung Galaxy S6/Page_STORE/button_OK' is clicked on]]></system-out>
         <system-err><![CDATA[]]></system-err>
      </testcase>
      <testcase name="Test Cases/Phones/Lumia 1520" time="27.947" classname="Test Cases/Phones/Lumia 1520" status="PASSED">
         <system-out><![CDATA[2022-04-14 23:56:14 - [TEST_CASE][PASSED] - Test Cases/Phones/Lumia 1520: Test Cases/Phones/Lumia 1520

2022-04-14 23:56:16 - [TEST_STEP][PASSED] - openBrowser(""): Browser is opened with url: ''

2022-04-14 23:56:16 - [MESSAGE][WARNING] - A browser is already opened. Closing browser and opening a new one

2022-04-14 23:56:19 - [MESSAGE][INFO] - Starting 'Chrome' driver

2022-04-14 23:56:19 - [MESSAGE][INFO] - Action delay is set to 0 milliseconds

2022-04-14 23:56:22 - [MESSAGE][PASSED] - Browser is opened with url: ''

2022-04-14 23:56:22 - [TEST_STEP][PASSED] - navigateToUrl("https://www.demoblaze.com/"): Navigate to 'https://www.demoblaze.com/' successfully

2022-04-14 23:56:24 - [MESSAGE][PASSED] - Navigate to 'https://www.demoblaze.com/' successfully

2022-04-14 23:56:24 - [TEST_STEP][PASSED] - click(findTestObject("DEMOBLAZE/Phones/Samsung Galaxy S6/Page_STORE/a_Log in")): Object: 'Object Repository/DEMOBLAZE/Phones/Samsung Galaxy S6/Page_STORE/a_Log in' is clicked on

2022-04-14 23:56:25 - [MESSAGE][PASSED] - Object: 'Object Repository/DEMOBLAZE/Phones/Samsung Galaxy S6/Page_STORE/a_Log in' is clicked on

2022-04-14 23:56:25 - [TEST_STEP][PASSED] - setText(findTestObject("DEMOBLAZE/Phones/Samsung Galaxy S6/Page_STORE/input_Username_loginusername"), "Ali12345"): Text 'Ali12345' is set on object 'Object Repository/DEMOBLAZE/Phones/Samsung Galaxy S6/Page_STORE/input_Username_loginusername'

2022-04-14 23:56:26 - [MESSAGE][PASSED] - Text 'Ali12345' is set on object 'Object Repository/DEMOBLAZE/Phones/Samsung Galaxy S6/Page_STORE/input_Username_loginusername'

2022-04-14 23:56:26 - [TEST_STEP][PASSED] - setEncryptedText(findTestObject("DEMOBLAZE/Phones/Samsung Galaxy S6/Page_STORE/input_Password_loginpassword"), "T2f+EhbY9lxWCo62oSDqfg=="): Text ****** has been set on object 'Object Repository/DEMOBLAZE/Phones/Samsung Galaxy S6/Page_STORE/input_Password_loginpassword'

2022-04-14 23:56:27 - [MESSAGE][PASSED] - Text ****** has been set on object 'Object Repository/DEMOBLAZE/Phones/Samsung Galaxy S6/Page_STORE/input_Password_loginpassword'

2022-04-14 23:56:27 - [TEST_STEP][PASSED] - click(findTestObject("DEMOBLAZE/Phones/Samsung Galaxy S6/Page_STORE/button_Log in")): Object: 'Object Repository/DEMOBLAZE/Phones/Samsung Galaxy S6/Page_STORE/button_Log in' is clicked on

2022-04-14 23:56:27 - [MESSAGE][PASSED] - Object: 'Object Repository/DEMOBLAZE/Phones/Samsung Galaxy S6/Page_STORE/button_Log in' is clicked on

2022-04-14 23:56:27 - [TEST_STEP][PASSED] - click(findTestObject("DEMOBLAZE/Phones/Samsung Galaxy S6/Page_STORE/a_Phones")): Object: 'Object Repository/DEMOBLAZE/Phones/Samsung Galaxy S6/Page_STORE/a_Phones' is clicked on

2022-04-14 23:56:30 - [MESSAGE][PASSED] - Object: 'Object Repository/DEMOBLAZE/Phones/Samsung Galaxy S6/Page_STORE/a_Phones' is clicked on

2022-04-14 23:56:30 - [TEST_STEP][PASSED] - click(findTestObject("DEMOBLAZE/Phones/Lumia 1520/Page_STORE/a_Nokia lumia 1520")): Object: 'Object Repository/DEMOBLAZE/Phones/Lumia 1520/Page_STORE/a_Nokia lumia 1520' is clicked on

2022-04-14 23:56:32 - [MESSAGE][PASSED] - Object: 'Object Repository/DEMOBLAZE/Phones/Lumia 1520/Page_STORE/a_Nokia lumia 1520' is clicked on

2022-04-14 23:56:32 - [TEST_STEP][PASSED] - click(findTestObject("DEMOBLAZE/Phones/Lumia 1520/Page_STORE/a_Add to cart")): Object: 'Object Repository/DEMOBLAZE/Phones/Lumia 1520/Page_STORE/a_Add to cart' is clicked on

2022-04-14 23:56:33 - [MESSAGE][PASSED] - Object: 'Object Repository/DEMOBLAZE/Phones/Lumia 1520/Page_STORE/a_Add to cart' is clicked on

2022-04-14 23:56:33 - [TEST_STEP][PASSED] - click(findTestObject("DEMOBLAZE/Phones/Samsung Galaxy S6/Page_STORE/a_Cart")): Object: 'Object Repository/DEMOBLAZE/Phones/Samsung Galaxy S6/Page_STORE/a_Cart' is clicked on

2022-04-14 23:56:34 - [MESSAGE][PASSED] - Object: 'Object Repository/DEMOBLAZE/Phones/Samsung Galaxy S6/Page_STORE/a_Cart' is clicked on

2022-04-14 23:56:34 - [TEST_STEP][PASSED] - click(findTestObject("DEMOBLAZE/Phones/Samsung Galaxy S6/Page_STORE/button_Place Order")): Object: 'Object Repository/DEMOBLAZE/Phones/Samsung Galaxy S6/Page_STORE/button_Place Order' is clicked on

2022-04-14 23:56:35 - [MESSAGE][PASSED] - Object: 'Object Repository/DEMOBLAZE/Phones/Samsung Galaxy S6/Page_STORE/button_Place Order' is clicked on

2022-04-14 23:56:35 - [TEST_STEP][PASSED] - setText(findTestObject("DEMOBLAZE/Phones/Samsung Galaxy S6/Page_STORE/input_Name_name"), "Ali"): Text 'Ali' is set on object 'Object Repository/DEMOBLAZE/Phones/Samsung Galaxy S6/Page_STORE/input_Name_name'

2022-04-14 23:56:37 - [MESSAGE][PASSED] - Text 'Ali' is set on object 'Object Repository/DEMOBLAZE/Phones/Samsung Galaxy S6/Page_STORE/input_Name_name'

2022-04-14 23:56:37 - [TEST_STEP][PASSED] - setText(findTestObject("DEMOBLAZE/Phones/Samsung Galaxy S6/Page_STORE/input_Country_country"), "Malaysia"): Text 'Malaysia' is set on object 'Object Repository/DEMOBLAZE/Phones/Samsung Galaxy S6/Page_STORE/input_Country_country'

2022-04-14 23:56:37 - [MESSAGE][PASSED] - Text 'Malaysia' is set on object 'Object Repository/DEMOBLAZE/Phones/Samsung Galaxy S6/Page_STORE/input_Country_country'

2022-04-14 23:56:37 - [TEST_STEP][PASSED] - setText(findTestObject("DEMOBLAZE/Phones/Samsung Galaxy S6/Page_STORE/input_City_city"), "Bayan Lepas"): Text 'Bayan Lepas' is set on object 'Object Repository/DEMOBLAZE/Phones/Samsung Galaxy S6/Page_STORE/input_City_city'

2022-04-14 23:56:38 - [MESSAGE][PASSED] - Text 'Bayan Lepas' is set on object 'Object Repository/DEMOBLAZE/Phones/Samsung Galaxy S6/Page_STORE/input_City_city'

2022-04-14 23:56:38 - [TEST_STEP][PASSED] - setText(findTestObject("DEMOBLAZE/Phones/Samsung Galaxy S6/Page_STORE/input_Credit card_card"), "123"): Text '123' is set on object 'Object Repository/DEMOBLAZE/Phones/Samsung Galaxy S6/Page_STORE/input_Credit card_card'

2022-04-14 23:56:39 - [MESSAGE][PASSED] - Text '123' is set on object 'Object Repository/DEMOBLAZE/Phones/Samsung Galaxy S6/Page_STORE/input_Credit card_card'

2022-04-14 23:56:39 - [TEST_STEP][PASSED] - setText(findTestObject("DEMOBLAZE/Phones/Samsung Galaxy S6/Page_STORE/input_Month_month"), "12"): Text '12' is set on object 'Object Repository/DEMOBLAZE/Phones/Samsung Galaxy S6/Page_STORE/input_Month_month'

2022-04-14 23:56:39 - [MESSAGE][PASSED] - Text '12' is set on object 'Object Repository/DEMOBLAZE/Phones/Samsung Galaxy S6/Page_STORE/input_Month_month'

2022-04-14 23:56:39 - [TEST_STEP][PASSED] - setText(findTestObject("DEMOBLAZE/Phones/Samsung Galaxy S6/Page_STORE/input_Year_year"), "2024"): Text '2024' is set on object 'Object Repository/DEMOBLAZE/Phones/Samsung Galaxy S6/Page_STORE/input_Year_year'

2022-04-14 23:56:40 - [MESSAGE][PASSED] - Text '2024' is set on object 'Object Repository/DEMOBLAZE/Phones/Samsung Galaxy S6/Page_STORE/input_Year_year'

2022-04-14 23:56:40 - [TEST_STEP][PASSED] - click(findTestObject("DEMOBLAZE/Phones/Samsung Galaxy S6/Page_STORE/button_Purchase")): Object: 'Object Repository/DEMOBLAZE/Phones/Samsung Galaxy S6/Page_STORE/button_Purchase' is clicked on

2022-04-14 23:56:41 - [MESSAGE][PASSED] - Object: 'Object Repository/DEMOBLAZE/Phones/Samsung Galaxy S6/Page_STORE/button_Purchase' is clicked on

2022-04-14 23:56:41 - [TEST_STEP][PASSED] - click(findTestObject("DEMOBLAZE/Phones/Samsung Galaxy S6/Page_STORE/button_OK")): Object: 'Object Repository/DEMOBLAZE/Phones/Samsung Galaxy S6/Page_STORE/button_OK' is clicked on

2022-04-14 23:56:42 - [MESSAGE][PASSED] - Object: 'Object Repository/DEMOBLAZE/Phones/Samsung Galaxy S6/Page_STORE/button_OK' is clicked on]]></system-out>
         <system-err><![CDATA[]]></system-err>
      </testcase>
      <testcase name="Test Cases/Phones/Nexus 6" time="28.123" classname="Test Cases/Phones/Nexus 6" status="PASSED">
         <system-out><![CDATA[2022-04-14 23:56:42 - [TEST_CASE][PASSED] - Test Cases/Phones/Nexus 6: Test Cases/Phones/Nexus 6

2022-04-14 23:56:44 - [TEST_STEP][PASSED] - openBrowser(""): Browser is opened with url: ''

2022-04-14 23:56:44 - [MESSAGE][WARNING] - A browser is already opened. Closing browser and opening a new one

2022-04-14 23:56:46 - [MESSAGE][INFO] - Starting 'Chrome' driver

2022-04-14 23:56:46 - [MESSAGE][INFO] - Action delay is set to 0 milliseconds

2022-04-14 23:56:48 - [MESSAGE][PASSED] - Browser is opened with url: ''

2022-04-14 23:56:48 - [TEST_STEP][PASSED] - navigateToUrl("https://www.demoblaze.com/"): Navigate to 'https://www.demoblaze.com/' successfully

2022-04-14 23:56:49 - [MESSAGE][PASSED] - Navigate to 'https://www.demoblaze.com/' successfully

2022-04-14 23:56:49 - [TEST_STEP][PASSED] - click(findTestObject("DEMOBLAZE/Phones/Samsung Galaxy S6/Page_STORE/a_Log in")): Object: 'Object Repository/DEMOBLAZE/Phones/Samsung Galaxy S6/Page_STORE/a_Log in' is clicked on

2022-04-14 23:56:52 - [MESSAGE][PASSED] - Object: 'Object Repository/DEMOBLAZE/Phones/Samsung Galaxy S6/Page_STORE/a_Log in' is clicked on

2022-04-14 23:56:52 - [TEST_STEP][PASSED] - setText(findTestObject("DEMOBLAZE/Phones/Samsung Galaxy S6/Page_STORE/input_Username_loginusername"), "Ali12345"): Text 'Ali12345' is set on object 'Object Repository/DEMOBLAZE/Phones/Samsung Galaxy S6/Page_STORE/input_Username_loginusername'

2022-04-14 23:56:53 - [MESSAGE][PASSED] - Text 'Ali12345' is set on object 'Object Repository/DEMOBLAZE/Phones/Samsung Galaxy S6/Page_STORE/input_Username_loginusername'

2022-04-14 23:56:53 - [TEST_STEP][PASSED] - setEncryptedText(findTestObject("DEMOBLAZE/Phones/Samsung Galaxy S6/Page_STORE/input_Password_loginpassword"), "T2f+EhbY9lxWCo62oSDqfg=="): Text ****** has been set on object 'Object Repository/DEMOBLAZE/Phones/Samsung Galaxy S6/Page_STORE/input_Password_loginpassword'

2022-04-14 23:56:54 - [MESSAGE][PASSED] - Text ****** has been set on object 'Object Repository/DEMOBLAZE/Phones/Samsung Galaxy S6/Page_STORE/input_Password_loginpassword'

2022-04-14 23:56:54 - [TEST_STEP][PASSED] - click(findTestObject("DEMOBLAZE/Phones/Samsung Galaxy S6/Page_STORE/button_Log in")): Object: 'Object Repository/DEMOBLAZE/Phones/Samsung Galaxy S6/Page_STORE/button_Log in' is clicked on

2022-04-14 23:56:54 - [MESSAGE][PASSED] - Object: 'Object Repository/DEMOBLAZE/Phones/Samsung Galaxy S6/Page_STORE/button_Log in' is clicked on

2022-04-14 23:56:54 - [TEST_STEP][PASSED] - click(findTestObject("DEMOBLAZE/Phones/Samsung Galaxy S6/Page_STORE/a_Phones")): Object: 'Object Repository/DEMOBLAZE/Phones/Samsung Galaxy S6/Page_STORE/a_Phones' is clicked on

2022-04-14 23:56:57 - [MESSAGE][PASSED] - Object: 'Object Repository/DEMOBLAZE/Phones/Samsung Galaxy S6/Page_STORE/a_Phones' is clicked on

2022-04-14 23:56:57 - [TEST_STEP][PASSED] - click(findTestObject("DEMOBLAZE/Phones/Nexus 6/Page_STORE/a_Nexus 6")): Object: 'Object Repository/DEMOBLAZE/Phones/Nexus 6/Page_STORE/a_Nexus 6' is clicked on

2022-04-14 23:56:59 - [MESSAGE][PASSED] - Object: 'Object Repository/DEMOBLAZE/Phones/Nexus 6/Page_STORE/a_Nexus 6' is clicked on

2022-04-14 23:56:59 - [TEST_STEP][PASSED] - click(findTestObject("DEMOBLAZE/Phones/Nexus 6/Page_STORE/a_Add to cart")): Object: 'Object Repository/DEMOBLAZE/Phones/Nexus 6/Page_STORE/a_Add to cart' is clicked on

2022-04-14 23:57:00 - [MESSAGE][PASSED] - Object: 'Object Repository/DEMOBLAZE/Phones/Nexus 6/Page_STORE/a_Add to cart' is clicked on

2022-04-14 23:57:00 - [TEST_STEP][PASSED] - click(findTestObject("DEMOBLAZE/Phones/Samsung Galaxy S6/Page_STORE/a_Cart")): Object: 'Object Repository/DEMOBLAZE/Phones/Samsung Galaxy S6/Page_STORE/a_Cart' is clicked on

2022-04-14 23:57:01 - [MESSAGE][PASSED] - Object: 'Object Repository/DEMOBLAZE/Phones/Samsung Galaxy S6/Page_STORE/a_Cart' is clicked on

2022-04-14 23:57:01 - [TEST_STEP][PASSED] - click(findTestObject("DEMOBLAZE/Phones/Samsung Galaxy S6/Page_STORE/button_Place Order")): Object: 'Object Repository/DEMOBLAZE/Phones/Samsung Galaxy S6/Page_STORE/button_Place Order' is clicked on

2022-04-14 23:57:03 - [MESSAGE][PASSED] - Object: 'Object Repository/DEMOBLAZE/Phones/Samsung Galaxy S6/Page_STORE/button_Place Order' is clicked on

2022-04-14 23:57:03 - [TEST_STEP][PASSED] - setText(findTestObject("DEMOBLAZE/Phones/Samsung Galaxy S6/Page_STORE/input_Name_name"), "Ali"): Text 'Ali' is set on object 'Object Repository/DEMOBLAZE/Phones/Samsung Galaxy S6/Page_STORE/input_Name_name'

2022-04-14 23:57:04 - [MESSAGE][PASSED] - Text 'Ali' is set on object 'Object Repository/DEMOBLAZE/Phones/Samsung Galaxy S6/Page_STORE/input_Name_name'

2022-04-14 23:57:04 - [TEST_STEP][PASSED] - setText(findTestObject("DEMOBLAZE/Phones/Samsung Galaxy S6/Page_STORE/input_Country_country"), "Malaysia"): Text 'Malaysia' is set on object 'Object Repository/DEMOBLAZE/Phones/Samsung Galaxy S6/Page_STORE/input_Country_country'

2022-04-14 23:57:05 - [MESSAGE][PASSED] - Text 'Malaysia' is set on object 'Object Repository/DEMOBLAZE/Phones/Samsung Galaxy S6/Page_STORE/input_Country_country'

2022-04-14 23:57:05 - [TEST_STEP][PASSED] - setText(findTestObject("DEMOBLAZE/Phones/Samsung Galaxy S6/Page_STORE/input_City_city"), "Bayan Lepas"): Text 'Bayan Lepas' is set on object 'Object Repository/DEMOBLAZE/Phones/Samsung Galaxy S6/Page_STORE/input_City_city'

2022-04-14 23:57:05 - [MESSAGE][PASSED] - Text 'Bayan Lepas' is set on object 'Object Repository/DEMOBLAZE/Phones/Samsung Galaxy S6/Page_STORE/input_City_city'

2022-04-14 23:57:05 - [TEST_STEP][PASSED] - setText(findTestObject("DEMOBLAZE/Phones/Samsung Galaxy S6/Page_STORE/input_Credit card_card"), "123"): Text '123' is set on object 'Object Repository/DEMOBLAZE/Phones/Samsung Galaxy S6/Page_STORE/input_Credit card_card'

2022-04-14 23:57:06 - [MESSAGE][PASSED] - Text '123' is set on object 'Object Repository/DEMOBLAZE/Phones/Samsung Galaxy S6/Page_STORE/input_Credit card_card'

2022-04-14 23:57:06 - [TEST_STEP][PASSED] - setText(findTestObject("DEMOBLAZE/Phones/Samsung Galaxy S6/Page_STORE/input_Month_month"), "12"): Text '12' is set on object 'Object Repository/DEMOBLAZE/Phones/Samsung Galaxy S6/Page_STORE/input_Month_month'

2022-04-14 23:57:07 - [MESSAGE][PASSED] - Text '12' is set on object 'Object Repository/DEMOBLAZE/Phones/Samsung Galaxy S6/Page_STORE/input_Month_month'

2022-04-14 23:57:07 - [TEST_STEP][PASSED] - setText(findTestObject("DEMOBLAZE/Phones/Samsung Galaxy S6/Page_STORE/input_Year_year"), "2024"): Text '2024' is set on object 'Object Repository/DEMOBLAZE/Phones/Samsung Galaxy S6/Page_STORE/input_Year_year'

2022-04-14 23:57:08 - [MESSAGE][PASSED] - Text '2024' is set on object 'Object Repository/DEMOBLAZE/Phones/Samsung Galaxy S6/Page_STORE/input_Year_year'

2022-04-14 23:57:08 - [TEST_STEP][PASSED] - click(findTestObject("DEMOBLAZE/Phones/Samsung Galaxy S6/Page_STORE/button_Purchase")): Object: 'Object Repository/DEMOBLAZE/Phones/Samsung Galaxy S6/Page_STORE/button_Purchase' is clicked on

2022-04-14 23:57:08 - [MESSAGE][PASSED] - Object: 'Object Repository/DEMOBLAZE/Phones/Samsung Galaxy S6/Page_STORE/button_Purchase' is clicked on

2022-04-14 23:57:08 - [TEST_STEP][PASSED] - click(findTestObject("DEMOBLAZE/Phones/Samsung Galaxy S6/Page_STORE/button_OK")): Object: 'Object Repository/DEMOBLAZE/Phones/Samsung Galaxy S6/Page_STORE/button_OK' is clicked on

2022-04-14 23:57:10 - [MESSAGE][PASSED] - Object: 'Object Repository/DEMOBLAZE/Phones/Samsung Galaxy S6/Page_STORE/button_OK' is clicked on]]></system-out>
         <system-err><![CDATA[]]></system-err>
      </testcase>
      <testcase name="Test Cases/Phones/Samsung Galaxy S6" time="31.832" classname="Test Cases/Phones/Samsung Galaxy S6" status="PASSED">
         <system-out><![CDATA[2022-04-14 23:57:10 - [TEST_CASE][PASSED] - Test Cases/Phones/Samsung Galaxy S6: Test Cases/Phones/Samsung Galaxy S6

2022-04-14 23:57:12 - [TEST_STEP][PASSED] - openBrowser(""): Browser is opened with url: ''

2022-04-14 23:57:12 - [MESSAGE][WARNING] - A browser is already opened. Closing browser and opening a new one

2022-04-14 23:57:15 - [MESSAGE][INFO] - Starting 'Chrome' driver

2022-04-14 23:57:15 - [MESSAGE][INFO] - Action delay is set to 0 milliseconds

2022-04-14 23:57:20 - [MESSAGE][PASSED] - Browser is opened with url: ''

2022-04-14 23:57:20 - [TEST_STEP][PASSED] - navigateToUrl("https://www.demoblaze.com/"): Navigate to 'https://www.demoblaze.com/' successfully

2022-04-14 23:57:21 - [MESSAGE][PASSED] - Navigate to 'https://www.demoblaze.com/' successfully

2022-04-14 23:57:21 - [TEST_STEP][PASSED] - click(findTestObject("DEMOBLAZE/Phones/Samsung Galaxy S6/Page_STORE/a_Log in")): Object: 'Object Repository/DEMOBLAZE/Phones/Samsung Galaxy S6/Page_STORE/a_Log in' is clicked on

2022-04-14 23:57:22 - [MESSAGE][PASSED] - Object: 'Object Repository/DEMOBLAZE/Phones/Samsung Galaxy S6/Page_STORE/a_Log in' is clicked on

2022-04-14 23:57:22 - [TEST_STEP][PASSED] - setText(findTestObject("DEMOBLAZE/Phones/Samsung Galaxy S6/Page_STORE/input_Username_loginusername"), "Ali12345"): Text 'Ali12345' is set on object 'Object Repository/DEMOBLAZE/Phones/Samsung Galaxy S6/Page_STORE/input_Username_loginusername'

2022-04-14 23:57:24 - [MESSAGE][PASSED] - Text 'Ali12345' is set on object 'Object Repository/DEMOBLAZE/Phones/Samsung Galaxy S6/Page_STORE/input_Username_loginusername'

2022-04-14 23:57:24 - [TEST_STEP][PASSED] - setEncryptedText(findTestObject("DEMOBLAZE/Phones/Samsung Galaxy S6/Page_STORE/input_Password_loginpassword"), "T2f+EhbY9lxWCo62oSDqfg=="): Text ****** has been set on object 'Object Repository/DEMOBLAZE/Phones/Samsung Galaxy S6/Page_STORE/input_Password_loginpassword'

2022-04-14 23:57:24 - [MESSAGE][PASSED] - Text ****** has been set on object 'Object Repository/DEMOBLAZE/Phones/Samsung Galaxy S6/Page_STORE/input_Password_loginpassword'

2022-04-14 23:57:24 - [TEST_STEP][PASSED] - click(findTestObject("DEMOBLAZE/Phones/Samsung Galaxy S6/Page_STORE/button_Log in")): Object: 'Object Repository/DEMOBLAZE/Phones/Samsung Galaxy S6/Page_STORE/button_Log in' is clicked on

2022-04-14 23:57:25 - [MESSAGE][PASSED] - Object: 'Object Repository/DEMOBLAZE/Phones/Samsung Galaxy S6/Page_STORE/button_Log in' is clicked on

2022-04-14 23:57:25 - [TEST_STEP][PASSED] - click(findTestObject("DEMOBLAZE/Phones/Samsung Galaxy S6/Page_STORE/a_Phones")): Object: 'Object Repository/DEMOBLAZE/Phones/Samsung Galaxy S6/Page_STORE/a_Phones' is clicked on

2022-04-14 23:57:27 - [MESSAGE][PASSED] - Object: 'Object Repository/DEMOBLAZE/Phones/Samsung Galaxy S6/Page_STORE/a_Phones' is clicked on

2022-04-14 23:57:27 - [TEST_STEP][PASSED] - click(findTestObject("DEMOBLAZE/Phones/Samsung Galaxy S6/Page_STORE/a_Samsung galaxy s6")): Object: 'Object Repository/DEMOBLAZE/Phones/Samsung Galaxy S6/Page_STORE/a_Samsung galaxy s6' is clicked on

2022-04-14 23:57:29 - [MESSAGE][PASSED] - Object: 'Object Repository/DEMOBLAZE/Phones/Samsung Galaxy S6/Page_STORE/a_Samsung galaxy s6' is clicked on

2022-04-14 23:57:29 - [TEST_STEP][PASSED] - click(findTestObject("DEMOBLAZE/Phones/Samsung Galaxy S6/Page_STORE/a_Add to cart")): Object: 'Object Repository/DEMOBLAZE/Phones/Samsung Galaxy S6/Page_STORE/a_Add to cart' is clicked on

2022-04-14 23:57:31 - [MESSAGE][PASSED] - Object: 'Object Repository/DEMOBLAZE/Phones/Samsung Galaxy S6/Page_STORE/a_Add to cart' is clicked on

2022-04-14 23:57:31 - [TEST_STEP][PASSED] - click(findTestObject("DEMOBLAZE/Phones/Samsung Galaxy S6/Page_STORE/a_Cart")): Object: 'Object Repository/DEMOBLAZE/Phones/Samsung Galaxy S6/Page_STORE/a_Cart' is clicked on

2022-04-14 23:57:33 - [MESSAGE][PASSED] - Object: 'Object Repository/DEMOBLAZE/Phones/Samsung Galaxy S6/Page_STORE/a_Cart' is clicked on

2022-04-14 23:57:33 - [TEST_STEP][PASSED] - click(findTestObject("DEMOBLAZE/Phones/Samsung Galaxy S6/Page_STORE/button_Place Order")): Object: 'Object Repository/DEMOBLAZE/Phones/Samsung Galaxy S6/Page_STORE/button_Place Order' is clicked on

2022-04-14 23:57:34 - [MESSAGE][PASSED] - Object: 'Object Repository/DEMOBLAZE/Phones/Samsung Galaxy S6/Page_STORE/button_Place Order' is clicked on

2022-04-14 23:57:34 - [TEST_STEP][PASSED] - setText(findTestObject("DEMOBLAZE/Phones/Samsung Galaxy S6/Page_STORE/input_Name_name"), "Ali"): Text 'Ali' is set on object 'Object Repository/DEMOBLAZE/Phones/Samsung Galaxy S6/Page_STORE/input_Name_name'

2022-04-14 23:57:36 - [MESSAGE][PASSED] - Text 'Ali' is set on object 'Object Repository/DEMOBLAZE/Phones/Samsung Galaxy S6/Page_STORE/input_Name_name'

2022-04-14 23:57:36 - [TEST_STEP][PASSED] - setText(findTestObject("DEMOBLAZE/Phones/Samsung Galaxy S6/Page_STORE/input_Country_country"), "Malaysia"): Text 'Malaysia' is set on object 'Object Repository/DEMOBLAZE/Phones/Samsung Galaxy S6/Page_STORE/input_Country_country'

2022-04-14 23:57:36 - [MESSAGE][PASSED] - Text 'Malaysia' is set on object 'Object Repository/DEMOBLAZE/Phones/Samsung Galaxy S6/Page_STORE/input_Country_country'

2022-04-14 23:57:36 - [TEST_STEP][PASSED] - setText(findTestObject("DEMOBLAZE/Phones/Samsung Galaxy S6/Page_STORE/input_City_city"), "Bayan Lepas"): Text 'Bayan Lepas' is set on object 'Object Repository/DEMOBLAZE/Phones/Samsung Galaxy S6/Page_STORE/input_City_city'

2022-04-14 23:57:37 - [MESSAGE][PASSED] - Text 'Bayan Lepas' is set on object 'Object Repository/DEMOBLAZE/Phones/Samsung Galaxy S6/Page_STORE/input_City_city'

2022-04-14 23:57:37 - [TEST_STEP][PASSED] - setText(findTestObject("DEMOBLAZE/Phones/Samsung Galaxy S6/Page_STORE/input_Credit card_card"), "123"): Text '123' is set on object 'Object Repository/DEMOBLAZE/Phones/Samsung Galaxy S6/Page_STORE/input_Credit card_card'

2022-04-14 23:57:38 - [MESSAGE][PASSED] - Text '123' is set on object 'Object Repository/DEMOBLAZE/Phones/Samsung Galaxy S6/Page_STORE/input_Credit card_card'

2022-04-14 23:57:38 - [TEST_STEP][PASSED] - setText(findTestObject("DEMOBLAZE/Phones/Samsung Galaxy S6/Page_STORE/input_Month_month"), "12"): Text '12' is set on object 'Object Repository/DEMOBLAZE/Phones/Samsung Galaxy S6/Page_STORE/input_Month_month'

2022-04-14 23:57:39 - [MESSAGE][PASSED] - Text '12' is set on object 'Object Repository/DEMOBLAZE/Phones/Samsung Galaxy S6/Page_STORE/input_Month_month'

2022-04-14 23:57:39 - [TEST_STEP][PASSED] - setText(findTestObject("DEMOBLAZE/Phones/Samsung Galaxy S6/Page_STORE/input_Year_year"), "2024"): Text '2024' is set on object 'Object Repository/DEMOBLAZE/Phones/Samsung Galaxy S6/Page_STORE/input_Year_year'

2022-04-14 23:57:40 - [MESSAGE][PASSED] - Text '2024' is set on object 'Object Repository/DEMOBLAZE/Phones/Samsung Galaxy S6/Page_STORE/input_Year_year'

2022-04-14 23:57:40 - [TEST_STEP][PASSED] - click(findTestObject("DEMOBLAZE/Phones/Samsung Galaxy S6/Page_STORE/button_Purchase")): Object: 'Object Repository/DEMOBLAZE/Phones/Samsung Galaxy S6/Page_STORE/button_Purchase' is clicked on

2022-04-14 23:57:40 - [MESSAGE][PASSED] - Object: 'Object Repository/DEMOBLAZE/Phones/Samsung Galaxy S6/Page_STORE/button_Purchase' is clicked on

2022-04-14 23:57:40 - [TEST_STEP][PASSED] - click(findTestObject("DEMOBLAZE/Phones/Samsung Galaxy S6/Page_STORE/button_OK")): Object: 'Object Repository/DEMOBLAZE/Phones/Samsung Galaxy S6/Page_STORE/button_OK' is clicked on

2022-04-14 23:57:42 - [MESSAGE][PASSED] - Object: 'Object Repository/DEMOBLAZE/Phones/Samsung Galaxy S6/Page_STORE/button_OK' is clicked on]]></system-out>
         <system-err><![CDATA[]]></system-err>
      </testcase>
      <testcase name="Test Cases/Phones/Samsung Galaxy S7" time="29.988" classname="Test Cases/Phones/Samsung Galaxy S7" status="PASSED">
         <system-out><![CDATA[2022-04-14 23:57:42 - [TEST_CASE][PASSED] - Test Cases/Phones/Samsung Galaxy S7: Test Cases/Phones/Samsung Galaxy S7

2022-04-14 23:57:44 - [TEST_STEP][PASSED] - openBrowser(""): Browser is opened with url: ''

2022-04-14 23:57:44 - [MESSAGE][WARNING] - A browser is already opened. Closing browser and opening a new one

2022-04-14 23:57:46 - [MESSAGE][INFO] - Starting 'Chrome' driver

2022-04-14 23:57:46 - [MESSAGE][INFO] - Action delay is set to 0 milliseconds

2022-04-14 23:57:48 - [MESSAGE][PASSED] - Browser is opened with url: ''

2022-04-14 23:57:48 - [TEST_STEP][PASSED] - navigateToUrl("https://www.demoblaze.com/"): Navigate to 'https://www.demoblaze.com/' successfully

2022-04-14 23:57:50 - [MESSAGE][PASSED] - Navigate to 'https://www.demoblaze.com/' successfully

2022-04-14 23:57:50 - [TEST_STEP][PASSED] - click(findTestObject("DEMOBLAZE/Phones/Samsung Galaxy S6/Page_STORE/a_Log in")): Object: 'Object Repository/DEMOBLAZE/Phones/Samsung Galaxy S6/Page_STORE/a_Log in' is clicked on

2022-04-14 23:57:52 - [MESSAGE][PASSED] - Object: 'Object Repository/DEMOBLAZE/Phones/Samsung Galaxy S6/Page_STORE/a_Log in' is clicked on

2022-04-14 23:57:52 - [TEST_STEP][PASSED] - setText(findTestObject("DEMOBLAZE/Phones/Samsung Galaxy S6/Page_STORE/input_Username_loginusername"), "Ali12345"): Text 'Ali12345' is set on object 'Object Repository/DEMOBLAZE/Phones/Samsung Galaxy S6/Page_STORE/input_Username_loginusername'

2022-04-14 23:57:53 - [MESSAGE][PASSED] - Text 'Ali12345' is set on object 'Object Repository/DEMOBLAZE/Phones/Samsung Galaxy S6/Page_STORE/input_Username_loginusername'

2022-04-14 23:57:53 - [TEST_STEP][PASSED] - setEncryptedText(findTestObject("DEMOBLAZE/Phones/Samsung Galaxy S6/Page_STORE/input_Password_loginpassword"), "T2f+EhbY9lxWCo62oSDqfg=="): Text ****** has been set on object 'Object Repository/DEMOBLAZE/Phones/Samsung Galaxy S6/Page_STORE/input_Password_loginpassword'

2022-04-14 23:57:53 - [MESSAGE][PASSED] - Text ****** has been set on object 'Object Repository/DEMOBLAZE/Phones/Samsung Galaxy S6/Page_STORE/input_Password_loginpassword'

2022-04-14 23:57:53 - [TEST_STEP][PASSED] - click(findTestObject("DEMOBLAZE/Phones/Samsung Galaxy S6/Page_STORE/button_Log in")): Object: 'Object Repository/DEMOBLAZE/Phones/Samsung Galaxy S6/Page_STORE/button_Log in' is clicked on

2022-04-14 23:57:54 - [MESSAGE][PASSED] - Object: 'Object Repository/DEMOBLAZE/Phones/Samsung Galaxy S6/Page_STORE/button_Log in' is clicked on

2022-04-14 23:57:54 - [TEST_STEP][PASSED] - click(findTestObject("DEMOBLAZE/Phones/Samsung Galaxy S6/Page_STORE/a_Phones")): Object: 'Object Repository/DEMOBLAZE/Phones/Samsung Galaxy S6/Page_STORE/a_Phones' is clicked on

2022-04-14 23:57:56 - [MESSAGE][PASSED] - Object: 'Object Repository/DEMOBLAZE/Phones/Samsung Galaxy S6/Page_STORE/a_Phones' is clicked on

2022-04-14 23:57:56 - [TEST_STEP][PASSED] - click(findTestObject("DEMOBLAZE/Phones/IPhone 6 32GB/Page_STORE/a_Iphone 6 32gb")): Object: 'Object Repository/DEMOBLAZE/Phones/IPhone 6 32GB/Page_STORE/a_Iphone 6 32gb' is clicked on

2022-04-14 23:57:58 - [MESSAGE][PASSED] - Object: 'Object Repository/DEMOBLAZE/Phones/IPhone 6 32GB/Page_STORE/a_Iphone 6 32gb' is clicked on

2022-04-14 23:57:58 - [TEST_STEP][PASSED] - click(findTestObject("DEMOBLAZE/Phones/IPhone 6 32GB/Page_STORE/a_Add to cart")): Object: 'Object Repository/DEMOBLAZE/Phones/IPhone 6 32GB/Page_STORE/a_Add to cart' is clicked on

2022-04-14 23:57:59 - [MESSAGE][PASSED] - Object: 'Object Repository/DEMOBLAZE/Phones/IPhone 6 32GB/Page_STORE/a_Add to cart' is clicked on

2022-04-14 23:57:59 - [TEST_STEP][PASSED] - click(findTestObject("DEMOBLAZE/Phones/Samsung Galaxy S6/Page_STORE/a_Cart")): Object: 'Object Repository/DEMOBLAZE/Phones/Samsung Galaxy S6/Page_STORE/a_Cart' is clicked on

2022-04-14 23:58:01 - [MESSAGE][PASSED] - Object: 'Object Repository/DEMOBLAZE/Phones/Samsung Galaxy S6/Page_STORE/a_Cart' is clicked on

2022-04-14 23:58:01 - [TEST_STEP][PASSED] - click(findTestObject("DEMOBLAZE/Phones/Samsung Galaxy S6/Page_STORE/button_Place Order")): Object: 'Object Repository/DEMOBLAZE/Phones/Samsung Galaxy S6/Page_STORE/button_Place Order' is clicked on

2022-04-14 23:58:02 - [MESSAGE][PASSED] - Object: 'Object Repository/DEMOBLAZE/Phones/Samsung Galaxy S6/Page_STORE/button_Place Order' is clicked on

2022-04-14 23:58:02 - [TEST_STEP][PASSED] - setText(findTestObject("DEMOBLAZE/Phones/Samsung Galaxy S6/Page_STORE/input_Name_name"), "Ali"): Text 'Ali' is set on object 'Object Repository/DEMOBLAZE/Phones/Samsung Galaxy S6/Page_STORE/input_Name_name'

2022-04-14 23:58:03 - [MESSAGE][PASSED] - Text 'Ali' is set on object 'Object Repository/DEMOBLAZE/Phones/Samsung Galaxy S6/Page_STORE/input_Name_name'

2022-04-14 23:58:03 - [TEST_STEP][PASSED] - setText(findTestObject("DEMOBLAZE/Phones/Samsung Galaxy S6/Page_STORE/input_Country_country"), "Malaysia"): Text 'Malaysia' is set on object 'Object Repository/DEMOBLAZE/Phones/Samsung Galaxy S6/Page_STORE/input_Country_country'

2022-04-14 23:58:05 - [MESSAGE][PASSED] - Text 'Malaysia' is set on object 'Object Repository/DEMOBLAZE/Phones/Samsung Galaxy S6/Page_STORE/input_Country_country'

2022-04-14 23:58:05 - [TEST_STEP][PASSED] - setText(findTestObject("DEMOBLAZE/Phones/Samsung Galaxy S6/Page_STORE/input_City_city"), "Bayan Lepas"): Text 'Bayan Lepas' is set on object 'Object Repository/DEMOBLAZE/Phones/Samsung Galaxy S6/Page_STORE/input_City_city'

2022-04-14 23:58:06 - [MESSAGE][PASSED] - Text 'Bayan Lepas' is set on object 'Object Repository/DEMOBLAZE/Phones/Samsung Galaxy S6/Page_STORE/input_City_city'

2022-04-14 23:58:06 - [TEST_STEP][PASSED] - setText(findTestObject("DEMOBLAZE/Phones/Samsung Galaxy S6/Page_STORE/input_Credit card_card"), "123"): Text '123' is set on object 'Object Repository/DEMOBLAZE/Phones/Samsung Galaxy S6/Page_STORE/input_Credit card_card'

2022-04-14 23:58:07 - [MESSAGE][PASSED] - Text '123' is set on object 'Object Repository/DEMOBLAZE/Phones/Samsung Galaxy S6/Page_STORE/input_Credit card_card'

2022-04-14 23:58:07 - [TEST_STEP][PASSED] - setText(findTestObject("DEMOBLAZE/Phones/Samsung Galaxy S6/Page_STORE/input_Month_month"), "12"): Text '12' is set on object 'Object Repository/DEMOBLAZE/Phones/Samsung Galaxy S6/Page_STORE/input_Month_month'

2022-04-14 23:58:08 - [MESSAGE][PASSED] - Text '12' is set on object 'Object Repository/DEMOBLAZE/Phones/Samsung Galaxy S6/Page_STORE/input_Month_month'

2022-04-14 23:58:08 - [TEST_STEP][PASSED] - setText(findTestObject("DEMOBLAZE/Phones/Samsung Galaxy S6/Page_STORE/input_Year_year"), "2024"): Text '2024' is set on object 'Object Repository/DEMOBLAZE/Phones/Samsung Galaxy S6/Page_STORE/input_Year_year'

2022-04-14 23:58:10 - [MESSAGE][PASSED] - Text '2024' is set on object 'Object Repository/DEMOBLAZE/Phones/Samsung Galaxy S6/Page_STORE/input_Year_year'

2022-04-14 23:58:10 - [TEST_STEP][PASSED] - click(findTestObject("DEMOBLAZE/Phones/Samsung Galaxy S6/Page_STORE/button_Purchase")): Object: 'Object Repository/DEMOBLAZE/Phones/Samsung Galaxy S6/Page_STORE/button_Purchase' is clicked on

2022-04-14 23:58:10 - [MESSAGE][PASSED] - Object: 'Object Repository/DEMOBLAZE/Phones/Samsung Galaxy S6/Page_STORE/button_Purchase' is clicked on

2022-04-14 23:58:10 - [TEST_STEP][PASSED] - click(findTestObject("DEMOBLAZE/Phones/Samsung Galaxy S6/Page_STORE/button_OK")): Object: 'Object Repository/DEMOBLAZE/Phones/Samsung Galaxy S6/Page_STORE/button_OK' is clicked on

2022-04-14 23:58:12 - [MESSAGE][PASSED] - Object: 'Object Repository/DEMOBLAZE/Phones/Samsung Galaxy S6/Page_STORE/button_OK' is clicked on]]></system-out>
         <system-err><![CDATA[]]></system-err>
      </testcase>
      <testcase name="Test Cases/Phones/Sony Xperia Z5" time="30.607" classname="Test Cases/Phones/Sony Xperia Z5" status="PASSED">
         <system-out><![CDATA[2022-04-14 23:58:12 - [TEST_CASE][PASSED] - Test Cases/Phones/Sony Xperia Z5: Test Cases/Phones/Sony Xperia Z5

2022-04-14 23:58:14 - [TEST_STEP][PASSED] - openBrowser(""): Browser is opened with url: ''

2022-04-14 23:58:14 - [MESSAGE][WARNING] - A browser is already opened. Closing browser and opening a new one

2022-04-14 23:58:19 - [MESSAGE][INFO] - Starting 'Chrome' driver

2022-04-14 23:58:19 - [MESSAGE][INFO] - Action delay is set to 0 milliseconds

2022-04-14 23:58:22 - [MESSAGE][PASSED] - Browser is opened with url: ''

2022-04-14 23:58:22 - [TEST_STEP][PASSED] - navigateToUrl("https://www.demoblaze.com/"): Navigate to 'https://www.demoblaze.com/' successfully

2022-04-14 23:58:23 - [MESSAGE][PASSED] - Navigate to 'https://www.demoblaze.com/' successfully

2022-04-14 23:58:23 - [TEST_STEP][PASSED] - click(findTestObject("DEMOBLAZE/Phones/Samsung Galaxy S6/Page_STORE/a_Log in")): Object: 'Object Repository/DEMOBLAZE/Phones/Samsung Galaxy S6/Page_STORE/a_Log in' is clicked on

2022-04-14 23:58:24 - [MESSAGE][PASSED] - Object: 'Object Repository/DEMOBLAZE/Phones/Samsung Galaxy S6/Page_STORE/a_Log in' is clicked on

2022-04-14 23:58:24 - [TEST_STEP][PASSED] - setText(findTestObject("DEMOBLAZE/Phones/Samsung Galaxy S6/Page_STORE/input_Username_loginusername"), "Ali12345"): Text 'Ali12345' is set on object 'Object Repository/DEMOBLAZE/Phones/Samsung Galaxy S6/Page_STORE/input_Username_loginusername'

2022-04-14 23:58:25 - [MESSAGE][PASSED] - Text 'Ali12345' is set on object 'Object Repository/DEMOBLAZE/Phones/Samsung Galaxy S6/Page_STORE/input_Username_loginusername'

2022-04-14 23:58:25 - [TEST_STEP][PASSED] - setEncryptedText(findTestObject("DEMOBLAZE/Phones/Samsung Galaxy S6/Page_STORE/input_Password_loginpassword"), "T2f+EhbY9lxWCo62oSDqfg=="): Text ****** has been set on object 'Object Repository/DEMOBLAZE/Phones/Samsung Galaxy S6/Page_STORE/input_Password_loginpassword'

2022-04-14 23:58:26 - [MESSAGE][PASSED] - Text ****** has been set on object 'Object Repository/DEMOBLAZE/Phones/Samsung Galaxy S6/Page_STORE/input_Password_loginpassword'

2022-04-14 23:58:26 - [TEST_STEP][PASSED] - click(findTestObject("DEMOBLAZE/Phones/Samsung Galaxy S6/Page_STORE/button_Log in")): Object: 'Object Repository/DEMOBLAZE/Phones/Samsung Galaxy S6/Page_STORE/button_Log in' is clicked on

2022-04-14 23:58:26 - [MESSAGE][PASSED] - Object: 'Object Repository/DEMOBLAZE/Phones/Samsung Galaxy S6/Page_STORE/button_Log in' is clicked on

2022-04-14 23:58:26 - [TEST_STEP][PASSED] - click(findTestObject("DEMOBLAZE/Phones/Samsung Galaxy S6/Page_STORE/a_Phones")): Object: 'Object Repository/DEMOBLAZE/Phones/Samsung Galaxy S6/Page_STORE/a_Phones' is clicked on

2022-04-14 23:58:29 - [MESSAGE][PASSED] - Object: 'Object Repository/DEMOBLAZE/Phones/Samsung Galaxy S6/Page_STORE/a_Phones' is clicked on

2022-04-14 23:58:29 - [TEST_STEP][PASSED] - click(findTestObject("DEMOBLAZE/Phones/Sony Xperia Z5/Page_STORE/a_Sony xperia z5")): Object: 'Object Repository/DEMOBLAZE/Phones/Sony Xperia Z5/Page_STORE/a_Sony xperia z5' is clicked on

2022-04-14 23:58:31 - [MESSAGE][PASSED] - Object: 'Object Repository/DEMOBLAZE/Phones/Sony Xperia Z5/Page_STORE/a_Sony xperia z5' is clicked on

2022-04-14 23:58:31 - [TEST_STEP][PASSED] - click(findTestObject("DEMOBLAZE/Phones/Sony Xperia Z5/Page_STORE/a_Add to cart")): Object: 'Object Repository/DEMOBLAZE/Phones/Sony Xperia Z5/Page_STORE/a_Add to cart' is clicked on

2022-04-14 23:58:32 - [MESSAGE][PASSED] - Object: 'Object Repository/DEMOBLAZE/Phones/Sony Xperia Z5/Page_STORE/a_Add to cart' is clicked on

2022-04-14 23:58:32 - [TEST_STEP][PASSED] - click(findTestObject("DEMOBLAZE/Phones/Samsung Galaxy S6/Page_STORE/a_Cart")): Object: 'Object Repository/DEMOBLAZE/Phones/Samsung Galaxy S6/Page_STORE/a_Cart' is clicked on

2022-04-14 23:58:34 - [MESSAGE][PASSED] - Object: 'Object Repository/DEMOBLAZE/Phones/Samsung Galaxy S6/Page_STORE/a_Cart' is clicked on

2022-04-14 23:58:34 - [TEST_STEP][PASSED] - click(findTestObject("DEMOBLAZE/Phones/Samsung Galaxy S6/Page_STORE/button_Place Order")): Object: 'Object Repository/DEMOBLAZE/Phones/Samsung Galaxy S6/Page_STORE/button_Place Order' is clicked on

2022-04-14 23:58:35 - [MESSAGE][PASSED] - Object: 'Object Repository/DEMOBLAZE/Phones/Samsung Galaxy S6/Page_STORE/button_Place Order' is clicked on

2022-04-14 23:58:35 - [TEST_STEP][PASSED] - setText(findTestObject("DEMOBLAZE/Phones/Samsung Galaxy S6/Page_STORE/input_Name_name"), "Ali"): Text 'Ali' is set on object 'Object Repository/DEMOBLAZE/Phones/Samsung Galaxy S6/Page_STORE/input_Name_name'

2022-04-14 23:58:36 - [MESSAGE][PASSED] - Text 'Ali' is set on object 'Object Repository/DEMOBLAZE/Phones/Samsung Galaxy S6/Page_STORE/input_Name_name'

2022-04-14 23:58:36 - [TEST_STEP][PASSED] - setText(findTestObject("DEMOBLAZE/Phones/Samsung Galaxy S6/Page_STORE/input_Country_country"), "Malaysia"): Text 'Malaysia' is set on object 'Object Repository/DEMOBLAZE/Phones/Samsung Galaxy S6/Page_STORE/input_Country_country'

2022-04-14 23:58:37 - [MESSAGE][PASSED] - Text 'Malaysia' is set on object 'Object Repository/DEMOBLAZE/Phones/Samsung Galaxy S6/Page_STORE/input_Country_country'

2022-04-14 23:58:37 - [TEST_STEP][PASSED] - setText(findTestObject("DEMOBLAZE/Phones/Samsung Galaxy S6/Page_STORE/input_City_city"), "Bayan Lepas"): Text 'Bayan Lepas' is set on object 'Object Repository/DEMOBLAZE/Phones/Samsung Galaxy S6/Page_STORE/input_City_city'

2022-04-14 23:58:38 - [MESSAGE][PASSED] - Text 'Bayan Lepas' is set on object 'Object Repository/DEMOBLAZE/Phones/Samsung Galaxy S6/Page_STORE/input_City_city'

2022-04-14 23:58:38 - [TEST_STEP][PASSED] - setText(findTestObject("DEMOBLAZE/Phones/Samsung Galaxy S6/Page_STORE/input_Credit card_card"), "123"): Text '123' is set on object 'Object Repository/DEMOBLAZE/Phones/Samsung Galaxy S6/Page_STORE/input_Credit card_card'

2022-04-14 23:58:39 - [MESSAGE][PASSED] - Text '123' is set on object 'Object Repository/DEMOBLAZE/Phones/Samsung Galaxy S6/Page_STORE/input_Credit card_card'

2022-04-14 23:58:39 - [TEST_STEP][PASSED] - setText(findTestObject("DEMOBLAZE/Phones/Samsung Galaxy S6/Page_STORE/input_Month_month"), "12"): Text '12' is set on object 'Object Repository/DEMOBLAZE/Phones/Samsung Galaxy S6/Page_STORE/input_Month_month'

2022-04-14 23:58:40 - [MESSAGE][PASSED] - Text '12' is set on object 'Object Repository/DEMOBLAZE/Phones/Samsung Galaxy S6/Page_STORE/input_Month_month'

2022-04-14 23:58:40 - [TEST_STEP][PASSED] - setText(findTestObject("DEMOBLAZE/Phones/Samsung Galaxy S6/Page_STORE/input_Year_year"), "2024"): Text '2024' is set on object 'Object Repository/DEMOBLAZE/Phones/Samsung Galaxy S6/Page_STORE/input_Year_year'

2022-04-14 23:58:40 - [MESSAGE][PASSED] - Text '2024' is set on object 'Object Repository/DEMOBLAZE/Phones/Samsung Galaxy S6/Page_STORE/input_Year_year'

2022-04-14 23:58:40 - [TEST_STEP][PASSED] - click(findTestObject("DEMOBLAZE/Phones/Samsung Galaxy S6/Page_STORE/button_Purchase")): Object: 'Object Repository/DEMOBLAZE/Phones/Samsung Galaxy S6/Page_STORE/button_Purchase' is clicked on

2022-04-14 23:58:41 - [MESSAGE][PASSED] - Object: 'Object Repository/DEMOBLAZE/Phones/Samsung Galaxy S6/Page_STORE/button_Purchase' is clicked on

2022-04-14 23:58:41 - [TEST_STEP][PASSED] - click(findTestObject("DEMOBLAZE/Phones/Samsung Galaxy S6/Page_STORE/button_OK")): Object: 'Object Repository/DEMOBLAZE/Phones/Samsung Galaxy S6/Page_STORE/button_OK' is clicked on

2022-04-14 23:58:42 - [MESSAGE][PASSED] - Object: 'Object Repository/DEMOBLAZE/Phones/Samsung Galaxy S6/Page_STORE/button_OK' is clicked on]]></system-out>
         <system-err><![CDATA[]]></system-err>
      </testcase>
      <system-out><![CDATA[2022-04-14 23:55:15 - [TEST_SUITE][PASSED] - Buying Different Phones: Test Cases/Phones/Sony Xperia Z5]]></system-out>
      <system-err><![CDATA[]]></system-err>
   </testsuite>
</testsuites>
